Iteration	Posterior	Likelihood	Prior	rate_log_sd	rate_loss	rate_neo	tree_length
0	-1018.362	-1204.803	186.4413	1.508654	4.042102	0.3747303	0.8183384
6	-1021.925	-1208.366	186.4413	1.508654	4.042102	0.3747303	0.8183384
12	-1021.026	-1207.467	186.4413	1.508654	4.042102	0.3747303	0.8183384
18	-1020.077	-1206.518	186.4413	1.508654	4.042102	0.3747303	0.8183384
24	-1028.33	-1214.771	186.4413	1.508654	4.042102	0.3747303	0.8183384
30	-1032.476	-1218.475	185.9993	1.508654	4.042102	0.4478782	1.132508
36	-1042.341	-1228.294	185.9534	1.521673	3.555636	0.6036978	1.090787
42	-1034.661	-1220.464	185.8021	1.283665	3.697818	0.5647285	1.420419
48	-1039.619	-1225.367	185.7476	1.209341	2.839536	0.9723418	1.395573
54	-1041.893	-1227.153	185.2601	1.324096	3.100384	0.7530859	1.766767
60	-1035.412	-1220.841	185.4296	1.205954	3.766605	0.8160026	1.491508
66	-1042.917	-1229.2	186.2825	1.071597	2.628927	0.8594193	1.250759
72	-1034.271	-1220.221	185.95	1.165124	3.080407	0.7082324	1.426949
78	-1036.504	-1222.304	185.8	1.165124	3.112993	0.7082324	1.530061
84	-1036.465	-1222.569	186.1045	1.253566	1.957137	1.119512	1.32312
90	-1036.032	-1222.028	185.9959	1.204918	2.472597	0.8386843	1.451337
96	-1033.411	-1219.897	186.4859	1.395705	1.882472	0.988469	1.013911
102	-1030.065	-1216.311	186.2462	1.177449	2.03564	1.147998	1.209339
108	-1026.79	-1212.943	186.1531	1.117214	2.618494	0.7215448	1.451923
114	-1028.364	-1213.983	185.6197	1.118739	3.058135	0.771469	1.654321
120	-1019.071	-1205.516	186.4446	1.222204	2.358034	0.5888412	1.38522
126	-1014.782	-1200.716	185.9332	1.328389	2.200813	0.9046006	1.456824
132	-1021.528	-1206.493	184.9647	1.206978	2.200813	0.8734215	2.232201
138	-1027.86	-1213.563	185.7031	1.305642	3.016785	0.8734215	1.377167
144	-1025.384	-1211.439	186.0549	1.303589	3.017875	0.6143288	1.356884
150	-1023.012	-1208.805	185.7931	1.415677	3.017875	0.6676047	1.416212
156	-1025.011	-1210.892	185.881	1.420437	3.300813	0.9118313	0.9838597
162	-1023.271	-1209.372	186.1005	1.395449	3.099606	0.5508804	1.294755
168	-1020.97	-1206.947	185.9767	1.265514	2.746914	0.6332089	1.516887
174	-1019.862	-1205.652	185.7901	1.192175	2.172551	0.6580926	1.880691
180	-1023.88	-1209.889	186.0093	1.337102	2.411626	0.7567729	1.43746
186	-1032.711	-1218.582	185.8712	1.214428	1.611285	0.7459763	1.967213
192	-1020.108	-1205.479	185.3714	1.142221	1.631285	1.411302	1.910956
198	-1034.806	-1219.376	184.5707	0.8041421	2.231142	0.9057536	2.699867
204	-1029.032	-1214.753	185.7209	1.04665	2.231142	0.7093873	1.95838
210	-1035.238	-1220.261	185.023	0.9847055	2.128413	0.6710307	2.517209
216	-1035.483	-1220.049	184.5656	0.8215262	2.360161	0.8224188	2.707716
222	-1039.657	-1224.238	184.581	0.974765	2.598908	0.8566081	2.506125
228	-1030.375	-1215.517	185.1422	0.9713981	3.488512	0.6135861	2.105844
234	-1025.849	-1211.504	185.6552	1.149218	2.499618	0.7905868	1.77013
240	-1033.788	-1219.946	186.158	1.215145	2.621657	0.5735628	1.527076
246	-1023.371	-1209.295	185.9246	1.129532	2.052751	1.285713	1.404605
252	-1031.792	-1218.265	186.473	1.19654	2.053302	0.917547	1.18311
258	-1028.39	-1214.482	186.0928	1.470681	2.181669	0.997328	1.140563
264	-1040.919	-1226.875	185.9559	1.263446	2.376585	0.7818101	1.523897
270	-1038.528	-1224.754	186.2252	1.470681	2.010321	0.5723272	1.52691
276	-1039.048	-1224.835	185.7872	1.489456	2.615826	1.312491	0.9289784
282	-1049.407	-1234.66	185.2532	0.9434651	2.219621	1.449934	1.863387
288	-1041.498	-1227.774	186.2759	0.9594371	1.833736	0.9216008	1.621616
294	-1041.67	-1227.898	186.2281	1.167611	2.574679	0.8526578	1.243921
300	-1036.719	-1223.184	186.4651	1.714128	2.515993	0.6882707	0.6103753
306	-1030.318	-1216.673	186.3543	1.714128	2.399283	0.6882707	0.8748137
312	-1048.723	-1233.771	185.0477	1.100203	4.360528	0.7225873	1.782353
318	-1046.875	-1233.244	186.3691	1.046826	2.322872	0.8933927	1.293983
324	-1040.346	-1227.233	186.8869	1.71853	1.943944	0.4267283	1.002138
330	-1026.985	-1213.093	186.1079	1.586967	2.775635	0.8255983	0.9025257
336	-1042.1	-1228.311	186.2115	1.640975	3.129709	0.6713044	0.7522704
342	-1043.55	-1229.549	185.9992	1.205131	2.208567	0.8478594	1.543632
348	-1039.489	-1226.056	186.567	1.347907	1.891735	0.6019041	1.380742
354	-1040.826	-1227.283	186.4569	1.452535	2.447883	0.6424643	1.076965
360	-1025.466	-1211.387	185.921	1.452535	2.390229	1.208447	1.032418
366	-1025.808	-1212.172	186.3642	1.441304	2.865348	0.6805169	0.9340582
372	-1036.146	-1222.553	186.4074	1.450557	2.255013	0.9128581	0.8973109
378	-1032.047	-1217.895	185.8478	1.384537	2.81553	0.8564017	1.283361
384	-1036.508	-1222.256	185.7479	1.483328	3.16348	0.4987613	1.543577
390	-1030.922	-1217.05	186.1277	1.401777	3.16348	0.4987613	1.313872
396	-1034.621	-1221.218	186.5972	1.396341	2.150737	0.5074937	1.313872
402	-1038.525	-1225.203	186.6781	1.663605	1.869009	0.5913384	1.040635
408	-1037.592	-1223.787	186.195	1.715562	2.629247	0.7896849	0.7704925
414	-1033.253	-1220.051	186.7977	1.672683	1.987443	0.6186967	0.7704925
420	-1031.133	-1217.286	186.1528	1.028756	2.239018	0.7830787	1.603514
426	-1033.114	-1218.575	185.4616	1.020065	2.59554	0.5429759	2.180535
432	-1032.767	-1219.535	186.7675	1.729901	1.837937	0.7018244	0.6928077
438	-1042.413	-1229.376	186.9626	1.806387	1.645428	0.6322008	0.5648008
444	-1030.838	-1216.484	185.6454	1.176596	2.649567	0.7651653	1.728887
450	-1034.435	-1219.906	185.4711	0.8815778	3.064029	0.811541	1.888239
456	-1040.394	-1226.385	185.9909	1.024181	1.773617	0.811541	1.888239
462	-1035.013	-1220.588	185.5751	1.024181	2.156559	0.9560019	1.907886
468	-1030.658	-1216.469	185.8109	1.150057	2.297929	0.5969305	1.907886
474	-1035.112	-1220.979	185.867	1.195149	2.337278	0.6203466	1.801501
480	-1034.502	-1220.406	185.9036	1.23235	3.075935	0.8405532	1.284934
486	-1045.064	-1231.026	185.9623	1.364136	3.063467	0.6750128	1.300015
492	-1049.33	-1235.52	186.1904	1.372629	2.232717	0.3936992	1.752017
498	-1054.401	-1240.409	186.0081	1.472238	2.926922	0.5447335	1.373366
504	-1035.149	-1221.055	185.9064	1.454214	2.393929	0.6932064	1.494709
510	-1034.214	-1220.622	186.4082	1.56012	2.393929	0.7347412	0.9233952
516	-1025.218	-1211.332	186.1142	1.690598	3.092635	0.7347412	0.7220679
522	-1019.83	-1205.928	186.0974	1.682839	2.718273	0.9109163	0.6944683
528	-1023.723	-1209.721	185.9985	1.836205	3.125773	0.7605993	0.52279
534	-1022.529	-1208.149	185.6196	1.675249	3.995524	0.9220887	0.6417797
540	-1010.831	-1197.203	186.3724	1.668999	2.944462	0.5943896	0.747293
546	-1012.707	-1199.125	186.4179	1.659103	2.74246	0.6202132	0.7718355
552	-1015.436	-1201.891	186.4557	1.633045	2.735797	0.5989233	0.8019447
558	-1020.169	-1206.649	186.4801	1.633045	2.342516	0.6810487	0.8677152
564	-1022.161	-1208.088	185.9273	1.434193	3.531927	0.6164171	1.183754
570	-1024.515	-1210.769	186.2542	1.300658	2.337386	1.099967	0.97594
576	-1023.083	-1209.259	186.1765	1.391335	2.756144	0.6911404	1.192384
582	-1026.545	-1212.816	186.2703	1.185295	1.748784	0.646442	1.739612
588	-1038.907	-1224.27	185.3625	1.370725	2.539336	0.707865	1.876461
594	-1028.375	-1214.688	186.3127	1.354586	1.864426	0.707865	1.472794
600	-1029.011	-1214.314	185.3033	1.253915	2.712965	0.4964265	2.144366
606	-1026.651	-1211.928	185.2768	1.253915	2.712965	0.4467674	2.217044
612	-1022.666	-1207.987	185.3209	1.106257	2.958061	0.7322523	1.933302
618	-1030.001	-1215.743	185.7414	1.012167	3.552186	0.4968802	1.779674
624	-1037.109	-1222.454	185.3446	0.9814593	2.611451	0.7930505	2.055581
630	-1030.001	-1215.87	185.8689	1.053361	2.494093	0.6829478	1.784016
636	-1030.511	-1216.572	186.0611	1.053044	2.533339	0.7036448	1.615217
642	-1033.637	-1219.465	185.8279	1.176206	2.498874	0.7040271	1.705637
648	-1031.18	-1216.816	185.6356	1.187809	3.213039	0.7040271	1.608129
654	-1030.61	-1216.867	186.257	1.085318	2.190523	0.6664276	1.613474
660	-1028.855	-1214.813	185.9577	1.125423	2.696109	0.6664276	1.617383
666	-1038.695	-1224.783	186.088	1.178016	2.672902	0.4675537	1.710784
672	-1042.533	-1228.323	185.7899	1.039681	2.492309	0.7669066	1.775004
678	-1034.058	-1219.753	185.6953	1.059191	2.023384	0.7501635	2.010379
684	-1041.17	-1226.332	185.1623	1.059191	2.318483	1.14613	1.980125
690	-1049.568	-1234.632	185.0646	0.9755934	2.545632	1.199673	1.99322
696	-1050.432	-1235.354	184.9221	0.9982663	3.031783	0.8213138	2.176514
702	-1056.259	-1241.479	185.2203	1.082516	2.494601	0.7082596	2.176514
708	-1036.972	-1222.802	185.8295	1.2144	1.94571	0.8762302	1.743888
714	-1043.149	-1228.353	185.2031	1.117607	2.244715	1.242946	1.882381
720	-1044.787	-1230.563	185.7756	1.247927	2.519761	0.7670307	1.627976
726	-1040.891	-1226.692	185.8004	1.404348	2.112823	1.127368	1.367677
732	-1038.051	-1224.283	186.2319	1.307674	2.112823	0.7151444	1.451447
738	-1046.476	-1232.581	186.1059	1.307674	2.289364	0.9842015	1.231599
744	-1039.682	-1225.771	186.0892	1.191992	1.96782	0.9343784	1.517945
750	-1044.181	-1230.057	185.8768	1.161209	2.564015	1.03813	1.380553
756	-1046.413	-1232.884	186.4706	1.138364	2.204906	0.6229346	1.454327
762	-1043.376	-1229.171	185.7951	1.280211	1.960401	0.7124387	1.850967
768	-1042.314	-1227.005	184.6908	0.7694272	1.960401	1.014383	2.672704
774	-1042.515	-1227.452	184.9366	0.9818459	2.640682	0.787538	2.315276
780	-1040.461	-1225.591	185.1304	0.9780848	2.536701	0.6762495	2.315276
786	-1040.274	-1226.353	186.079	1.03558	2.775696	0.6762495	1.558223
792	-1043.725	-1229.302	185.5776	0.9280249	3.246249	0.8187341	1.725274
798	-1040.908	-1226.644	185.7361	1.154166	3.334984	0.8392868	1.398764
804	-1031.718	-1217.604	185.8857	1.216979	1.914541	1.062167	1.578813
810	-1038.117	-1223.626	185.509	1.253988	1.68007	1.145806	1.869105
816	-1048.91	-1234.733	185.8234	0.9353811	2.099968	1.26592	1.617701
822	-1039.635	-1225.726	186.0916	1.416797	2.660894	0.7061475	1.263105
828	-1034.868	-1219.95	185.0823	1.203991	2.660894	0.6673018	2.17045
834	-1029.462	-1214.24	184.7773	1.169472	2.67309	0.9507486	2.17045
840	-1027.808	-1213.264	185.4557	1.315565	2.829821	1.471525	1.197608
846	-1025.552	-1211.931	186.3791	1.639992	2.194821	0.6068888	1.143033
852	-1028.401	-1214.624	186.2226	1.539333	2.245545	0.8273912	1.094694
858	-1043.601	-1229.446	185.8456	1.605279	2.304454	1.090324	1.101553
864	-1036.637	-1222.738	186.1008	1.372297	3.423389	0.6317919	1.101553
870	-1034.152	-1220.834	186.6819	1.461062	2.085667	0.6098297	1.081867
876	-1043.094	-1228.473	185.3788	1.263966	2.947565	0.9343163	1.624767
882	-1043.748	-1230.222	186.4737	1.237078	1.757566	0.5510511	1.653209
888	-1037.817	-1223.903	186.0863	1.344356	1.837844	1.227156	1.245218
894	-1030.906	-1216.98	186.0742	1.442978	2.359819	0.961199	1.130292
900	-1036.98	-1222.902	185.9224	1.320542	1.942446	0.8041239	1.662483
906	-1041.782	-1227.508	185.726	1.209307	3.181262	0.6949827	1.54426
912	-1039.533	-1225.3	185.7679	1.209307	2.185632	1.051617	1.563795
918	-1033.617	-1219.593	185.9759	1.209307	2.64322	0.8258032	1.411365
924	-1041.197	-1227.427	186.2296	1.307554	2.123223	1.242456	0.9825124
930	-1046.331	-1232.08	185.7494	1.09459	1.771592	0.8529467	1.97254
936	-1050.699	-1236.49	185.7905	1.143737	2.311675	0.6212396	1.897424
942	-1046.172	-1232.205	186.0337	1.263625	2.311675	1.083376	1.238104
948	-1060.727	-1246.329	185.6026	1.286682	3.406251	0.9429364	1.287517
954	-1059.212	-1245.559	186.3471	1.614923	2.084649	1.036876	0.7161612
960	-1047.459	-1233.605	186.1454	1.362228	3.756852	0.679192	0.8761863
966	-1042.159	-1228.443	186.2847	1.38696	2.698942	0.8983958	0.8761863
972	-1048.876	-1234.892	186.016	1.38696	2.120644	0.9377834	1.35409
978	-1025.653	-1211.3	185.6477	1.084308	2.641367	1.018434	1.597894
984	-1032.724	-1218.286	185.5618	1.032073	2.807574	0.8477781	1.769933
990	-1031.329	-1217.157	185.828	1.033597	2.807574	0.7543179	1.65881
996	-1034.246	-1220.101	185.8555	0.9113888	2.851881	0.885359	1.603152
1002	-1040.816	-1226.348	185.5325	1.072754	3.262326	0.6081046	1.84029
1008	-1047.07	-1233.157	186.0875	1.320474	2.186831	1.279144	1.044873
1014	-1057.999	-1244.215	186.2163	1.516262	2.763122	0.6438007	1.100015
1020	-1047.998	-1234.092	186.0935	1.558719	2.735487	0.8311368	0.961463
1026	-1031.657	-1217.747	186.0901	1.393782	1.913353	1.123268	1.238691
1032	-1030.452	-1216.163	185.711	1.195207	2.511983	0.7609705	1.719589
1038	-1022.712	-1208.714	186.0023	1.16203	2.070606	0.7407592	1.719589
1044	-1035.912	-1221.514	185.6017	1.147356	1.904575	1.160222	1.770685
1050	-1047.577	-1233.395	185.8181	1.032232	3.355547	0.6078894	1.642825
1056	-1043.609	-1229.043	185.4343	1.004297	3.395239	0.8302509	1.722018
1062	-1036.815	-1222.588	185.773	1.167763	3.395239	0.8055139	1.371508
1068	-1023.671	-1209.616	185.9449	1.276869	3.395239	0.5740382	1.391207
1074	-1025.202	-1211.38	186.1783	1.406819	3.395239	0.7874797	0.7739872
1080	-1027.855	-1214.538	186.6833	1.619023	1.808141	0.7515223	0.897986
1086	-1024.551	-1211.43	186.8795	1.619546	1.874318	0.5832993	0.8856347
1092	-1035.494	-1221.507	186.0129	1.644725	2.878893	0.8260259	0.8921047
1098	-1027.908	-1213.972	186.064	1.533507	1.870733	1.514434	0.8434257
1104	-1020.029	-1206.489	186.4603	1.533507	2.285249	0.8555598	0.7875215
1110	-1024.663	-1211.031	186.368	1.56368	2.350437	0.6155605	1.136333
1116	-1023.724	-1209.722	185.9982	1.530477	2.453263	1.250036	0.7827106
1122	-1030.458	-1217.149	186.6909	1.628322	2.428204	0.3265295	1.205876
1128	-1032.46	-1219.168	186.7081	1.712884	2.214361	0.444415	1.000444
1134	-1028.528	-1215.271	186.7434	1.621531	2.361293	0.4694947	0.9324851
1140	-1031.368	-1217.828	186.4601	1.755536	2.383257	0.6590132	0.7436316
1146	-1024.529	-1211.031	186.5021	1.755536	2.452451	0.6313745	0.6782952
1152	-1031.238	-1217.559	186.321	1.770791	3.130548	0.5182776	0.7290062
1158	-1029.758	-1216.496	186.7384	1.746708	2.204054	0.4673291	0.8956292
1164	-1031.159	-1217.925	186.7664	1.746708	1.942971	0.6226291	0.7380725
1170	-1032.952	-1219.337	186.3849	1.727659	2.55355	0.7313235	0.5892567
1176	-1025.167	-1211.829	186.6619	1.668178	2.124281	0.7313235	0.6056601
1182	-1028.291	-1214.823	186.5321	1.559687	2.124281	0.8525236	0.7777453
1188	-1020.862	-1207.674	186.8122	1.559687	2.151657	0.5175646	0.9586155
1194	-1027.87	-1214.777	186.9072	1.615032	1.968545	0.5976473	0.7554937
1200	-1025.564	-1212.119	186.5549	1.596116	2.250744	0.7005056	0.8495934
1206	-1035.077	-1221.3	186.2225	1.545985	2.244801	0.6990965	1.227294
1212	-1050.908	-1237.829	186.9213	2.034618	2.182247	0.3181845	0.6599183
1218	-1034.306	-1220.998	186.6926	2.034618	2.440049	0.3816511	0.5328885
1224	-1039.244	-1225.803	186.5588	1.454824	1.876428	1.028044	0.8299813
1230	-1027.746	-1214.325	186.5797	1.454824	1.982154	0.6541379	1.177241
1236	-1042.131	-1228.909	186.7782	1.497405	1.799753	0.8637673	0.7737358
1242	-1029.489	-1215.271	185.7819	1.288438	2.139641	0.9562306	1.583818
1248	-1022.853	-1209.464	186.6115	1.5291	1.635055	0.8855123	1.023552
1254	-1023.928	-1210.467	186.5387	1.523347	2.570772	0.5021055	1.07577
1260	-1029.947	-1216.147	186.1997	1.184746	2.399758	0.7381726	1.430573
1266	-1033.958	-1219.192	185.2339	1.184746	3.431365	0.7762121	1.770866
1272	-1045.841	-1231.557	185.7161	1.37353	2.949076	1.018228	1.21155
1278	-1046.925	-1233.198	186.2726	1.726209	2.913376	0.6670258	0.6689665
1284	-1036.582	-1221.833	185.2516	0.9693359	2.458523	0.9272547	2.074817
1290	-1033.502	-1219.214	185.7122	1.082838	2.537164	0.5625777	1.972741
1296	-1031.061	-1217.289	186.2275	1.229614	2.0615	0.5358845	1.718719
1302	-1031.832	-1217.549	185.7171	1.214905	2.528868	0.5358845	1.911037
1308	-1033.976	-1219.139	185.1626	1.098569	3.925736	0.6614221	1.857714
1314	-1029.786	-1215.349	185.5627	1.106637	2.09106	0.5025915	2.270134
1320	-1033.741	-1219.136	185.3941	1.005235	2.559311	0.7943831	2.022535
1326	-1034.64	-1219.32	184.6795	1.355691	1.835773	1.096526	2.311178
1332	-1034.334	-1219.402	185.0684	1.2517	2.013171	1.096526	2.056736
1338	-1025.538	-1211.762	186.2243	1.437559	2.615236	0.523387	1.368206
1344	-1032.012	-1218.034	186.0216	1.320884	2.699133	0.4988004	1.609498
1350	-1044.169	-1229.873	185.7039	1.103025	1.951268	0.5556872	2.179387
1356	-1042.531	-1228.401	185.8701	1.115972	2.749783	0.5934558	1.74196
1362	-1034.603	-1220.891	186.2881	1.254058	1.645543	0.8223508	1.56802
1368	-1028.415	-1214.939	186.5235	1.268778	2.180723	0.7049248	1.230082
1374	-1023.065	-1209.228	186.1624	1.268778	2.180723	0.7743627	1.449194
1380	-1039.547	-1225.451	185.9043	1.079824	2.198089	0.8649382	1.693262
1386	-1047.062	-1232.915	185.853	0.9630798	1.558097	0.661914	2.240184
1392	-1028.683	-1214.626	185.9424	1.179719	2.406613	0.5376862	1.820718
1398	-1027.613	-1213.862	186.2488	1.323135	2.773618	0.667756	1.208766
1404	-1048.706	-1233.522	184.8166	0.8073657	1.986728	0.9423178	2.607232
1410	-1031.159	-1217.51	186.3519	1.206513	1.841631	0.6763931	1.594769
1416	-1032.986	-1218.873	185.8871	1.34246	2.341727	0.5391928	1.767654
1422	-1039.272	-1225.602	186.3296	1.037407	2.031917	0.6715036	1.655014
1428	-1039.47	-1225.035	185.5655	1.062866	1.972651	0.9926225	1.934086
1434	-1033.272	-1219.427	186.1556	1.242548	1.91065	0.7649072	1.598318
1440	-1032.19	-1217.943	185.7535	1.175913	2.690458	0.962866	1.476015
1446	-1033.673	-1219.416	185.7426	1.3021	2.149905	1.550156	1.202731
1452	-1027.699	-1213.999	186.2994	1.348641	2.739902	0.7047696	1.112409
1458	-1025.621	-1212.031	186.4101	1.211988	2.408089	0.6568179	1.324038
1464	-1028.18	-1214.026	185.8456	1.26488	3.218472	0.7974426	1.298996
1470	-1033.813	-1219.203	185.3895	1.359456	3.261255	1.131088	1.298536
1476	-1020.576	-1207.209	186.6326	1.486725	1.936266	0.7231734	1.042106
1482	-1026.258	-1212.285	186.0269	1.257849	1.964497	1.071024	1.413133
1488	-1027.684	-1213.735	186.0504	1.227799	2.155781	1.012271	1.37716
1494	-1035.591	-1222.068	186.4775	1.291333	1.756317	0.6434611	1.512695
1500	-1036.95	-1223.068	186.118	1.326819	2.343929	0.9775454	1.186471
1506	-1035.897	-1221.839	185.9416	1.13187	2.452182	0.8747131	1.524423
1512	-1036.424	-1222.031	185.6066	1.220578	1.779871	1.021927	1.860089
1518	-1042.298	-1228.646	186.3476	1.462731	2.546331	0.6646958	1.095741
1524	-1035.951	-1222.638	186.6867	1.404003	2.520052	0.6117185	0.9008439
1530	-1029.815	-1215.994	186.1792	1.478496	2.190379	1.023442	1.024425
1536	-1037.346	-1223.12	185.7738	1.491641	2.274824	1.339217	1.088421
1542	-1027.331	-1213.832	186.5006	1.759592	2.246926	0.6699799	0.7613559
1548	-1034.227	-1221.266	187.0391	1.567445	1.923737	0.4439642	0.9817332
1554	-1032.25	-1218.43	186.1804	1.503877	2.711621	0.4439642	1.420487
1560	-1027.563	-1214.017	186.4548	1.408245	2.095937	0.8335764	1.070659
1566	-1024.063	-1209.665	185.6016	1.326576	2.328546	1.041014	1.551298
1572	-1035.2	-1221.295	186.0953	1.461037	2.328546	1.126963	0.9532955
1578	-1032.382	-1218.89	186.5081	1.461037	1.511291	1.036967	1.120055
1584	-1037.465	-1224.023	186.5581	1.460228	1.738847	0.9310272	1.027231
1590	-1056.463	-1243.067	186.6041	1.614162	2.336757	0.6436354	0.8035896
1596	-1051.712	-1238.644	186.9325	1.614162	1.787086	0.6436354	0.7870242
1602	-1036.535	-1222.468	185.9328	1.353103	2.564443	0.6408623	1.540028
1608	-1042.669	-1228.601	185.9328	1.353103	2.564443	0.6408623	1.540028
1614	-1038.289	-1223.939	185.65	1.037072	2.687596	0.8287702	1.758203
1620	-1032.244	-1217.003	184.7587	0.9204821	3.144875	0.5117699	2.567027
1626	-1035.043	-1221.284	186.2417	1.136037	2.840028	0.4474847	1.601568
1632	-1035.467	-1221.112	185.6448	1.242073	2.355702	0.7957911	1.758857
1638	-1032.587	-1218.216	185.629	1.113088	3.188075	0.5370136	1.840187
1644	-1030.756	-1216.947	186.191	1.449756	3.187541	0.7011934	0.9356939
1650	-1034.658	-1220.725	186.0665	1.313104	2.655019	0.9126447	1.168941
1656	-1031.052	-1217.132	186.0793	1.490141	3.024653	0.623511	1.168941
1662	-1039.895	-1226.235	186.3402	1.298085	2.288696	0.809481	1.202393
1668	-1039.21	-1225.064	185.8543	1.318524	3.900006	0.6227046	1.224861
1674	-1042.398	-1227.761	185.3634	0.9909478	3.382238	0.7896285	1.817386
1680	-1037.493	-1223.644	186.1507	1.313038	2.810718	0.734077	1.213151
1686	-1032.4	-1218.299	185.8994	1.35168	2.340075	1.044841	1.294555
1692	-1034.336	-1220.314	185.9786	1.318588	3.83797	0.4769226	1.326328
1698	-1037.9	-1223.557	185.6569	1.25454	3.49575	0.4758468	1.708648
1704	-1052.765	-1238.512	185.7465	1.427579	2.439437	1.12698	1.252606
1710	-1045.386	-1231.583	186.1961	1.313644	2.016296	0.9205299	1.330992
1716	-1043.156	-1229.075	185.9194	1.285082	1.901961	0.6495007	1.843839
1722	-1045.726	-1231.886	186.1597	1.270886	2.09449	0.7047357	1.550968
1728	-1047.865	-1234.361	186.4959	1.30618	1.6431	0.5348739	1.660547
1734	-1040.01	-1226.457	186.4476	1.343501	2.621717	0.5260005	1.257946
1740	-1035.437	-1221.748	186.3108	1.371295	2.165884	0.5866034	1.454885
1746	-1038.139	-1224.11	185.9701	1.432737	1.959821	0.7746529	1.564555
1752	-1028.966	-1214.58	185.6136	1.25245	2.829163	0.681553	1.71484
1758	-1035.668	-1221.763	186.0947	1.515621	2.255559	0.6649919	1.387383
1764	-1037.74	-1223.604	185.8638	1.553828	2.10349	0.8934076	1.387383
1770	-1037.679	-1222.629	184.9502	1.358415	3.093082	1.805983	1.297593
1776	-1028.973	-1214.858	185.885	1.55342	2.503481	1.05105	1.053777
1782	-1024.955	-1210.909	185.9537	1.327686	2.217499	0.7343465	1.58285
1788	-1025.029	-1210.607	185.5782	1.274113	2.091038	1.152606	1.624691
1794	-1017.295	-1203.479	186.1839	1.550137	2.164845	1.017372	0.967887
1800	-1030.025	-1216.267	186.2429	1.550137	2.230915	0.6745787	1.240041
1806	-1026.546	-1212.604	186.0588	1.469731	2.018924	1.238257	1.053082
1812	-1034.412	-1220.086	185.6735	1.543481	1.807781	1.471458	1.276417
1818	-1033.428	-1219.835	186.4071	1.33572	2.135684	0.7982807	1.195094
1824	-1027.402	-1213.914	186.5122	1.444728	2.719493	0.6102496	0.9460647
1830	-1021.537	-1207.863	186.3257	1.34395	2.135351	0.924807	1.135367
1836	-1027.085	-1213.183	186.0979	1.331666	3.143242	0.7192533	1.135367
1842	-1028.075	-1214.039	185.9644	1.428361	2.368936	0.7725466	1.403578
1848	-1037.862	-1223.911	186.0498	1.114975	2.847276	0.8654764	1.318479
1854	-1031.534	-1217.618	186.0842	1.241574	1.929431	0.8654764	1.557187
1860	-1033.947	-1219.85	185.9028	1.28493	1.966493	0.7596441	1.729353
1866	-1043.32	-1229.462	186.1428	1.297827	2.246075	1.092515	1.13686
1872	-1041.768	-1228.039	186.271	1.329676	1.768726	1.123828	1.216107
1878	-1042.861	-1228.307	185.4457	1.326122	2.312265	1.548425	1.356072
1884	-1034.508	-1219.962	185.4539	1.251215	2.161847	1.40696	1.548901
1890	-1039.54	-1225.78	186.2397	1.485948	2.529305	0.4707916	1.418777
1896	-1044.876	-1230.976	186.1001	1.485948	2.072974	1.246113	0.9581546
1902	-1047.773	-1234.075	186.301	1.519385	2.846345	0.5395905	1.125483
1908	-1035.625	-1221.644	186.0191	1.766119	2.846345	0.756311	0.856766
1914	-1034.168	-1220.335	186.1672	1.724683	2.106027	1.150534	0.6195496
1920	-1037.607	-1224.146	186.539	1.747279	2.277922	0.6857752	0.6522236
1926	-1036.417	-1222.655	186.2376	1.802806	2.093467	0.9949939	0.6350552
1932	-1040.331	-1226.389	186.0588	1.761125	2.093467	1.209669	0.6781991
1938	-1034.532	-1220.976	186.4443	1.589893	2.518065	0.734511	0.7665895
1944	-1038.452	-1224.986	186.5339	1.655986	2.022784	0.7901523	0.8204389
1950	-1038.92	-1225.219	186.2991	1.655986	2.55816	0.7609761	0.8035482
1956	-1033.944	-1220.148	186.2035	1.497579	2.116338	1.082564	0.9648653
1962	-1027.608	-1213.623	186.015	1.469724	2.116338	1.074011	1.17601
1968	-1026.223	-1212.886	186.6635	1.398445	1.803499	0.6909294	1.205452
1974	-1023.201	-1209.827	186.6253	1.384686	1.894909	0.5879938	1.319872
1980	-1022.333	-1208.506	186.1734	1.354156	1.946866	0.9445205	1.329348
1986	-1026.039	-1211.62	185.5812	1.3554	1.752589	1.366891	1.581611
1992	-1025.387	-1211.075	185.6882	1.147142	2.067362	0.8067365	1.893169
1998	-1031.318	-1217.161	185.8438	1.015065	2.298009	0.5347177	2.039433
2004	-1022.766	-1209.197	186.4316	1.215717	2.572016	0.52082	1.399
2010	-1036.521	-1222.515	185.9936	1.193939	2.372918	0.6654873	1.656375
2016	-1036.557	-1222.118	185.5606	1.21038	2.478958	0.8364195	1.763263
2022	-1039.44	-1225.545	186.1046	1.274443	2.274736	0.8364195	1.39403
2028	-1050.178	-1234.939	184.7616	1.09542	2.440267	1.509654	1.985363
2034	-1026.005	-1212.251	186.2461	1.283639	2.293891	0.8544126	1.248231
2040	-1034.124	-1218.941	184.817	0.9621983	2.182398	0.9300037	2.449253
2046	-1026.408	-1212.641	186.2334	1.21849	2.012402	0.8254111	1.459976
2052	-1035.045	-1220.46	185.4156	1.140713	2.365024	0.877704	1.918351
2058	-1040.542	-1225.935	185.3927	1.155496	2.633088	0.4162256	2.265739
2064	-1037.686	-1222.571	184.8852	0.9712206	2.063788	0.8816102	2.475189
2070	-1033.419	-1218.196	184.7768	0.8358648	2.397749	0.7859907	2.583183
2076	-1034.106	-1218.269	184.1624	0.8676255	2.20835	1.0969	2.801187
2082	-1049.98	-1235.751	185.7705	1.047752	2.096037	0.6910572	1.990314
2088	-1054.888	-1240.544	185.6555	1.047752	3.003318	0.9677859	1.537712
2094	-1030.731	-1216.392	185.6612	0.8959535	2.074987	0.6244321	2.228797
2100	-1029.62	-1215.104	185.4838	1.12488	2.32955	0.6244321	2.105214
2106	-1035.93	-1221.732	185.8014	1.296154	2.335538	0.7496805	1.656762
2112	-1039.207	-1224.336	185.1287	1.228625	1.483956	1.891724	1.86507
2118	-1037.716	-1224.27	186.5535	1.228625	1.542486	1.023859	1.272464
2124	-1053.629	-1239.793	186.1641	1.287936	2.708775	0.5941373	1.413358
2130	-1045.046	-1231.075	186.0284	1.314865	2.603498	1.003928	1.139283
2136	-1039.511	-1225.42	185.9091	1.287034	3.035783	0.9696582	1.128884
2142	-1039.688	-1225.934	186.2461	1.410504	2.530045	0.7547667	1.136878
2148	-1038.549	-1224.909	186.3598	1.455047	2.334698	0.5038466	1.382272
2154	-1043.034	-1229.143	186.1098	1.552792	2.572943	0.8722732	0.9814948
2160	-1045.046	-1230.748	185.7015	1.278829	3.229818	0.4063421	1.820071
2166	-1036.955	-1222.597	185.6425	1.167184	2.233393	0.8302631	1.829116
2172	-1028.639	-1214.127	185.4883	1.100186	2.409795	0.9484814	1.829116
2178	-1034.234	-1219.292	185.0577	0.9959375	2.409795	0.7079218	2.363753
2184	-1040.301	-1225.781	185.48	0.8125206	1.868115	0.7584233	2.363753
2190	-1031.107	-1215.928	184.8213	0.9393755	1.824864	0.8187685	2.667671
2196	-1033.199	-1218.041	184.8413	0.928373	2.020658	0.9758295	2.482702
2202	-1032.783	-1217.097	184.3146	0.8473505	2.252551	1.250539	2.622176
2208	-1045.049	-1230.064	185.0157	0.8608099	2.252551	0.6860468	2.54426
2214	-1024.859	-1210.755	185.8953	1.221696	2.188286	0.7156172	1.729021
2220	-1036.484	-1222.097	185.6131	1.143445	2.859742	0.7405321	1.729021
2226	-1035.314	-1220.933	185.6186	1.093519	2.213092	0.7405321	1.975581
2232	-1051.037	-1236.877	185.84	1.443106	2.96446	1.005056	1.043198
2238	-1040.895	-1226.808	185.9126	1.391647	2.690118	1.133244	1.023065
2244	-1034.52	-1220.047	185.5274	1.070245	2.158031	0.9910177	1.884169
2250	-1034.201	-1219.909	185.7081	1.149754	2.290134	0.9624487	1.673728
2256	-1034.3	-1220.345	186.0455	1.234495	2.290134	0.7361808	1.553692
2262	-1037.615	-1223.547	185.9313	1.23034	3.218822	0.7004721	1.35428
2268	-1032.227	-1217.678	185.4505	1.290607	3.218822	1.132489	1.317538
2274	-1036.235	-1222.199	185.9631	1.265946	2.202841	0.5922038	1.763342
2280	-1034.198	-1220.439	186.2404	1.263292	2.868694	0.5840061	1.327696
2286	-1043.038	-1228.167	185.1283	1.038984	2.293358	0.810585	2.249085
2292	-1035.848	-1221.571	185.7236	0.9859339	3.132907	0.6249254	1.78777
2298	-1035.023	-1221.223	186.2007	1.266519	2.476195	0.7709752	1.303208
2304	-1045.811	-1231.789	185.9777	1.236184	1.917728	0.7734073	1.719705
2310	-1049.051	-1234.436	185.3851	1.112729	2.307334	1.517799	1.582686
2316	-1034.692	-1221.036	186.344	1.293882	2.532002	0.6820678	1.232635
2322	-1031.155	-1217.134	185.9787	1.203562	2.562829	0.6770907	1.580622
2328	-1042.344	-1229.171	186.8272	1.393066	1.896113	0.6488218	1.062657
2334	-1036.031	-1221.773	185.7415	1.0684	2.613576	1.108126	1.48657
2340	-1036.323	-1222.592	186.269	1.300531	2.80549	0.7204636	1.138194
2346	-1024.952	-1211.148	186.196	1.300531	2.89397	0.6982651	1.192816
2352	-1020.524	-1206.926	186.4018	1.441472	2.406021	0.6982651	1.088375
2358	-1029.937	-1215.835	185.8979	1.319428	2.018036	1.258099	1.3095
2364	-1025.836	-1211.819	185.9837	1.288184	2.209972	1.113262	1.281071
2370	-1024.868	-1210.518	185.6501	1.224182	2.648887	1.008858	1.497166
2376	-1031.313	-1216.958	185.6449	1.234804	2.062065	0.9436039	1.760458
2382	-1027.098	-1212.098	185.0004	1.016112	2.394068	0.9335807	2.224855
2388	-1029.864	-1215.577	185.7128	1.095418	2.263155	1.033501	1.668529
2394	-1032.533	-1218.554	186.0209	1.173678	2.288238	0.7975371	1.562271
2400	-1034.607	-1220.404	185.7972	1.291925	3.003474	0.9321419	1.266043
2406	-1028.272	-1214.122	185.85	1.384009	2.284186	1.234496	1.189151
2412	-1027.83	-1213.851	186.0203	1.279547	2.495485	0.6478002	1.547536
2418	-1032.436	-1218.554	186.1184	1.368069	2.326744	0.7559691	1.363118
2424	-1048.025	-1233.958	185.9327	1.271273	3.126723	0.8598278	1.192014
2430	-1038.985	-1224.907	185.9217	1.262354	2.722085	0.9226699	1.298284
2436	-1044.61	-1229.99	185.3801	1.10868	2.722085	0.6527785	2.031907
2442	-1047.084	-1232.483	185.3993	1.088879	3.250955	0.5023991	2.031907
2448	-1043.488	-1229.452	185.9633	1.126511	2.491771	0.7003603	1.650474
2454	-1044.096	-1229.673	185.5764	1.29842	2.876097	1.100619	1.349123
2460	-1036.471	-1222.524	186.0527	1.47398	2.464785	1.231634	0.7989452
2466	-1038.869	-1225.363	186.4936	1.281443	2.320362	0.6704535	1.219983
2472	-1041.667	-1227.747	186.0796	1.229319	2.021525	0.9629	1.450843
2478	-1045.867	-1231.968	186.1014	1.73142	2.671257	0.8556968	0.7435064
2484	-1043.554	-1229.248	185.6941	1.451707	2.448919	1.281458	1.157894
2490	-1033.108	-1219.228	186.1201	1.341561	2.448919	0.819936	1.271321
2496	-1036.159	-1221.325	185.1664	1.062899	2.448919	1.001249	2.022184
2502	-1045.533	-1232.157	186.6241	1.360536	2.061282	0.504396	1.365174
2508	-1044.84	-1230.267	185.4264	1.464477	2.472778	1.160384	1.440779
2514	-1044.861	-1230.943	186.082	1.346213	2.472778	0.8015116	1.306612
2520	-1039.961	-1225.817	185.8561	1.400701	2.697269	0.6965774	1.458619
2526	-1031.809	-1217.74	185.9317	1.400701	2.697269	0.9738691	1.136704
2532	-1032.504	-1218.972	186.4682	1.231146	1.85072	0.7659995	1.398857
2538	-1037.539	-1223.198	185.6588	1.338499	3.281969	0.7659995	1.398857
2544	-1037.224	-1222.967	185.743	1.338499	3.281969	0.7913182	1.307871
2550	-1049.738	-1236.24	186.5018	1.482955	2.848846	0.5616667	0.930683
2556	-1035.782	-1222.507	186.7255	1.61648	2.189889	0.5504528	0.9123876
2562	-1038.275	-1224.773	186.4979	1.529705	1.674455	1.093078	0.8943027
2568	-1030.273	-1216.759	186.4862	1.755379	2.021227	0.805088	0.7230294
2574	-1039.252	-1225.555	186.3029	1.374337	2.033247	1.128813	0.9938224
2580	-1033.366	-1219.886	186.5195	1.829218	2.64321	0.5421349	0.4995192
2586	-1029.741	-1215.929	186.1874	1.829218	2.853945	0.6932139	0.6076269
2592	-1024.102	-1210.459	186.3574	1.829218	2.680559	0.6145298	0.6476378
2598	-1020.019	-1205.961	185.9428	1.860222	2.680559	0.9463593	0.5999856
2604	-1018.302	-1204.514	186.2117	1.860222	2.680559	0.7231357	0.5518288
2610	-1052.352	-1239.199	186.8474	1.409175	2.159644	0.5769212	0.9780025
2616	-1036.733	-1223.329	186.5957	1.347493	2.159644	0.5453965	1.301636
2622	-1018.3	-1204.716	186.4153	1.848627	2.602581	0.593139	0.6252007
2628	-1026.845	-1213.39	186.5449	1.783129	2.257752	0.6712268	0.6252007
2634	-1044.616	-1230.645	186.0289	1.557323	3.176437	0.9224714	0.6641966
2640	-1032.712	-1218.962	186.2499	1.47711	2.564444	0.6819927	1.142155
2646	-1043.324	-1229.628	186.3047	1.743774	2.482214	0.8007101	0.6292168
2652	-1033.605	-1219.968	186.3632	1.65791	2.450733	0.8404694	0.6216378
2658	-1028.511	-1215.243	186.7314	1.557971	2.190624	0.7036245	0.6921542
2664	-1023.108	-1209.695	186.5869	1.608485	2.470842	0.5919741	0.8400123
2670	-1025.178	-1211.471	186.2931	1.694492	2.657714	0.7145919	0.7738834
2676	-1024.303	-1210.493	186.1902	1.61751	3.025969	0.6244125	0.9397264
2682	-1024.466	-1210.492	186.0258	1.638178	3.168882	0.6786209	0.950588
2688	-1025.286	-1211.391	186.1046	1.406716	3.314788	0.5739407	1.179615
2694	-1021.704	-1207.967	186.2628	1.571208	2.898885	0.5650256	1.055375
2700	-1029.171	-1215.664	186.4934	1.680248	2.678941	0.5466134	0.8278057
2706	-1036.054	-1222.22	186.1656	1.782558	2.889328	0.7249346	0.6379671
2712	-1028.807	-1215.08	186.272	1.778073	2.704461	0.7249346	0.5866163
2718	-1034.734	-1221.479	186.7455	1.829555	2.148751	0.5413652	0.6254039
2724	-1025.662	-1212.033	186.3713	2.022708	2.497467	0.5413652	0.3943548
2730	-1024.935	-1210.794	185.8586	2.092254	3.076415	0.6419072	0.3465404
2736	-1038.104	-1223.609	185.5055	2.102152	3.238365	0.7833462	0.270759
2742	-1035.557	-1221.135	185.5783	2.275317	2.511698	0.81742	0.2518721
2748	-1030.582	-1216.023	185.4409	2.275317	2.842226	0.7714897	0.2340177
2754	-1034.546	-1220.375	185.8294	2.416112	2.842226	0.4806236	0.2987245
2760	-1038.532	-1224.134	185.6026	2.359138	3.542278	0.4806236	0.2987245
2766	-1031.429	-1217.188	185.7589	2.478269	3.542278	0.3364504	0.2987245
2772	-1025.766	-1211.781	186.0154	2.614468	2.407105	0.3572769	0.2646155
2778	-1023.237	-1208.705	185.4676	2.412536	2.600551	0.7242889	0.2315087
2784	-1027.883	-1213.209	185.326	2.412536	2.911698	0.7242889	0.2315087
2790	-1041.036	-1226.183	185.1471	2.829665	1.920403	0.6371628	0.1284016
2796	-1042.567	-1227.159	184.5912	2.829665	1.985625	0.9839947	0.1114456
2802	-1023.167	-1208.721	185.5546	2.296321	2.315557	0.9290596	0.263432
2808	-1023.342	-1208.891	185.5491	2.227835	2.625033	0.7976895	0.2307994
2814	-1023.455	-1209.248	185.7929	2.280695	3.514351	0.4697845	0.3878166
2820	-1029.075	-1214.5	185.4247	2.688849	2.012056	0.5814339	0.1497504
2826	-1040.601	-1226.024	185.4228	2.662724	1.44636	0.8597955	0.1405705
2832	-1042.524	-1228.744	186.2208	1.986867	2.706516	0.6162424	0.522608
2838	-1036.771	-1223.028	186.2567	2.076549	2.358234	0.6421011	0.569194
2844	-1033.247	-1219.652	186.4046	2.011518	2.4653	0.548169	0.5712275
2850	-1043.578	-1229.339	185.7611	1.375571	2.65285	0.9043983	1.37739
2856	-1042.083	-1227.966	185.8825	1.03662	2.843208	0.8244055	1.544659
2862	-1032.514	-1217.809	185.2947	1.167011	2.567176	1.147084	1.729641
2868	-1035.875	-1221.537	185.6619	1.320593	2.567176	0.4204758	1.997285
2874	-1032.526	-1218.479	185.9534	2.610204	1.94527	0.4764226	0.2196414
2880	-1031.428	-1217.009	185.5815	2.519772	2.279034	0.5902946	0.1874502
2886	-1037.625	-1223.302	185.677	2.519772	2.28977	0.5272444	0.1888645
2892	-1037.84	-1222.85	185.0102	2.529219	2.28977	0.972931	0.1629279
2898	-1040.944	-1226.608	185.6641	2.562134	2.090564	0.5924539	0.1951789
2904	-1027.084	-1213.19	186.1062	1.867658	3.127794	0.6524119	0.4777882
2910	-1027.662	-1213.757	186.0946	1.762993	3.60822	0.5895294	0.6076512
2916	-1029.988	-1216.706	186.7184	1.876649	1.588922	0.7877264	0.6068569
2922	-1033.539	-1220.019	186.4804	1.92361	1.588922	0.9701174	0.5732195
2928	-1034.485	-1221.453	186.9676	1.956702	1.933671	0.3960283	0.6834874
2934	-1035.544	-1222.078	186.534	1.748526	2.147382	0.6154422	0.8971277
2940	-1031.293	-1217.858	186.5657	1.733337	1.95487	0.8259876	0.6432625
2946	-1037.153	-1223.501	186.3487	1.733337	2.206637	0.7244851	0.9207918
2952	-1042.067	-1228.451	186.384	1.751308	2.476109	0.7244851	0.6508089
2958	-1035.694	-1221.303	185.608	1.882489	3.312526	0.9897086	0.5956344
2964	-1041.392	-1227.818	186.4258	1.93269	2.276704	0.6593533	0.5358256
2970	-1036.982	-1223.196	186.2139	1.93269	2.190491	0.8716268	0.5223664
2976	-1041.5	-1227.79	186.2903	1.709603	2.43185	0.8720898	0.6088373
2982	-1025.329	-1211.355	186.0264	1.709603	2.783932	0.9448413	0.65264
2988	-1025.556	-1211.963	186.4074	1.705193	2.591557	0.6978583	0.65264
2994	-1034.733	-1220.618	185.8852	1.748232	1.967132	1.571443	0.6295438
3000	-1027.987	-1214.316	186.3287	1.748232	2.548917	0.765282	0.5738831
3006	-1033.935	-1220.317	186.3823	1.718088	2.83079	0.6301665	0.638171
3012	-1027.371	-1213.619	186.2485	1.632336	3.076108	0.7197012	0.6243084
3018	-1041.637	-1228.137	186.4996	1.60564	2.790879	0.498163	0.937471
3024	-1047.17	-1233.639	186.469	1.608014	2.764625	0.6238799	0.7496048
3030	-1041.694	-1227.876	186.1819	1.975824	2.814422	0.6069666	0.4177507
3036	-1035.426	-1221.442	186.0151	1.988828	2.814422	0.697862	0.3652802
3042	-1036.596	-1222.254	185.6578	2.339549	2.427282	0.7034258	0.2339454
3048	-1037.34	-1222.535	185.195	2.310305	2.427282	1.165038	0.2339454
3054	-1033.952	-1220.336	186.3834	1.680872	1.703979	1.072887	0.8504292
3060	-1036.598	-1222.145	185.5476	1.120101	1.985638	1.266094	1.729556
3066	-1043.275	-1227.384	184.1097	1.022868	2.156036	0.850365	2.909377
3072	-1032.883	-1218.142	185.2592	2.395181	3.21763	0.6109132	0.1916637
3078	-1032.676	-1218.434	185.7577	2.469837	2.406941	0.510351	0.2100889
3084	-1020.918	-1207.08	186.162	1.89701	2.629617	0.7555956	0.4761357
3090	-1017.239	-1203.24	186.0013	2.222826	2.629617	0.5844941	0.3389777
3096	-1023.882	-1209.908	186.0257	2.178973	2.628139	0.5982197	0.3389777
3102	-1029.032	-1214.936	185.9043	2.178973	2.390004	0.8089778	0.3866712
3108	-1026.482	-1212.512	186.0298	1.965726	2.297288	0.9405304	0.4052075
3114	-1030.423	-1216.328	185.9048	1.879758	2.429034	1.106146	0.4807474
3120	-1038.924	-1225.113	186.1884	2.288057	2.754924	0.4155915	0.3762063
3126	-1034.007	-1219.836	185.8289	1.991137	2.952405	0.8036571	0.3762063
3132	-1017.012	-1203.354	186.3417	1.988297	2.484012	0.5944506	0.4147597
3138	-1024.62	-1210.305	185.6848	1.963527	3.162627	0.8959197	0.4147597
3144	-1025.113	-1211.534	186.4212	2.043885	1.911916	0.7250135	0.4147597
3150	-1027.786	-1213.974	186.1881	1.907493	2.043506	0.9830333	0.4147597
3156	-1034.009	-1220.567	186.5584	2.030168	1.94616	0.6224257	0.4336027
3162	-1035.896	-1222.425	186.5298	2.020262	2.358218	0.5037228	0.5153347
3168	-1046.701	-1233.129	186.4281	1.916285	2.103135	0.7449899	0.5080734
3174	-1041.93	-1227.682	185.752	1.057852	2.244267	0.8832366	1.78384
3180	-1039.095	-1225.599	186.5037	1.759929	2.417424	0.6197431	0.7268423
3186	-1044.14	-1230.979	186.8391	1.607505	2.023692	0.5975377	0.8152404
3192	-1042.569	-1228.29	185.7215	1.16711	3.296282	0.5803263	1.660949
3198	-1035.933	-1222.022	186.0896	1.244046	3.461447	0.4636983	1.422975
3204	-1047.247	-1233.487	186.2404	1.491859	3.084375	0.4636983	1.222469
3210	-1040.791	-1226.918	186.1277	1.491859	3.420824	0.6395779	0.9487405
3216	-1030.419	-1216.513	186.0944	1.567046	3.117987	0.8765009	0.6610237
3222	-1032.284	-1218.209	185.9249	1.66927	3.906876	0.7080014	0.5909901
3228	-1037.9	-1224.197	186.2974	1.903017	2.789274	0.5955878	0.485976
3234	-1036.399	-1222.702	186.303	2.063255	2.393039	0.6119492	0.485976
3240	-1033.565	-1220.073	186.508	1.708021	2.393039	0.7236092	0.5068828
3246	-1034.211	-1220.398	186.1874	1.785371	1.898265	1.208759	0.5895905
3252	-1042.474	-1228.434	185.9602	1.953245	2.17797	1.05436	0.3548216
3258	-1037.439	-1223.63	186.1903	2.006141	2.025385	0.9115452	0.4829836
3264	-1041.42	-1227.881	186.461	1.956684	1.671969	0.9115452	0.511869
3270	-1039.717	-1225.724	186.0071	1.822711	2.047355	1.289606	0.5161548
3276	-1038.812	-1225.268	186.4556	1.890067	1.842499	0.8761994	0.5024266
3282	-1037.868	-1224.33	186.4624	1.36883	2.367206	0.7265341	1.08417
3288	-1037.414	-1223.703	186.2893	1.583133	2.574194	0.695807	0.983018
3294	-1035.578	-1222.142	186.5633	1.969905	2.393159	0.502643	0.5249633
3300	-1042.466	-1228.31	185.8438	1.969905	4.046167	0.5214624	0.4160034
3306	-1050.12	-1236.014	185.8933	2.164547	4.347909	0.3207488	0.3563207
3312	-1053.891	-1239.665	185.7745	2.233717	3.678669	0.4272639	0.3001773
3318	-1053.204	-1239.412	186.208	2.280975	1.8402	0.6456571	0.2788298
3324	-1054.491	-1240.49	185.9989	1.283615	2.088788	1.042159	1.380178
3330	-1042.053	-1228.065	186.0116	1.648435	4.483891	0.4360259	0.8573042
3336	-1035.777	-1221.658	185.881	1.778554	2.672289	1.076111	0.6468063
3342	-1029.025	-1215.656	186.6313	1.636185	1.982796	0.847181	0.6211032
3348	-1035.392	-1221.321	185.9293	1.8436	2.91057	0.8812237	0.5881969
3354	-1036.565	-1223.194	186.6295	2.011559	2.595828	0.3840749	0.5626803
3360	-1043.98	-1230.496	186.516	1.997464	3.245309	0.2805972	0.7250674
3366	-1035.096	-1222.167	187.0709	1.874303	1.82902	0.3872498	0.7796377
3372	-1024.59	-1210.96	186.37	1.829702	2.781551	0.5549934	0.7032755
3378	-1030.247	-1216.419	186.1722	1.829702	2.979498	0.6689361	0.5837259
3384	-1033.091	-1219.054	185.9634	1.852807	3.146516	0.7684712	0.5270084
3390	-1029.43	-1215.878	186.4482	1.783723	2.476827	0.6495736	0.6547745
3396	-1026.946	-1212.795	185.8489	1.773117	2.477557	1.243194	0.5999551
3402	-1026.069	-1212.315	186.2465	1.545124	2.282655	1.131452	0.6672664
3408	-1022.522	-1208.487	185.9645	1.660208	3.519184	0.7696	0.6672664
3414	-1018.25	-1204.445	186.1944	1.7396	2.308628	1.009148	0.5575777
3420	-1017.424	-1203.398	185.9741	2.082053	2.837508	0.659562	0.3824118
3426	-1017.535	-1203.306	185.7711	2.082053	2.837508	0.7769529	0.3203836
3432	-1019.367	-1205.342	185.9745	2.006973	1.762445	1.293899	0.4083957
3438	-1023.457	-1209.375	185.9175	1.98283	2.845676	0.7769067	0.3789468
3444	-1029.901	-1216.564	186.6625	2.059284	2.048243	0.4872274	0.3967211
3450	-1025.84	-1211.988	186.1474	2.109829	3.796834	0.3361902	0.4767601
3456	-1022.475	-1208.661	186.1863	2.136687	2.187403	0.681574	0.3505916
3462	-1032.229	-1218.402	186.1734	2.277779	2.024371	0.6182374	0.303039
3468	-1029.016	-1214.847	185.8306	2.252532	2.877102	0.5776534	0.304413
3474	-1034.889	-1220.661	185.7723	2.178733	2.877102	0.6699697	0.3033098
3480	-1030.33	-1216.434	186.1039	2.244163	2.190139	0.6253645	0.3033098
3486	-1028.097	-1213.578	185.4811	2.244163	2.566122	0.8777684	0.2358901
3492	-1016.202	-1201.372	185.1692	2.414688	2.222418	1.044942	0.1841734
3498	-1019.683	-1204.659	184.9755	2.499394	2.777406	0.7802035	0.1536815
3504	-1016.48	-1201.52	185.0395	2.453577	3.021911	0.7285303	0.1682011
3510	-1018.27	-1203.35	185.0792	2.332065	3.558846	0.6509027	0.1755657
3516	-1014.486	-1199.586	185.1006	2.554944	2.945548	0.6509027	0.1754656
3522	-1019.473	-1205.151	185.6776	2.443401	2.43141	0.5900795	0.2211663
3528	-1021.705	-1206.984	185.2793	2.174527	2.778256	1.071825	0.2479053
3534	-1026.119	-1211.261	185.1421	2.339787	2.366783	1.249234	0.2425233
3540	-1027.14	-1212.746	185.6061	2.323536	2.465086	0.8047312	0.2729423
3546	-1020.506	-1205.978	185.4717	2.378431	2.744584	0.6957194	0.231659
3552	-1040.044	-1225.853	185.8085	1.215666	1.995446	0.8542492	1.754178
3558	-1050.72	-1235.711	184.9908	1.249813	2.549464	0.9172293	2.039364
3564	-1053.447	-1239.34	185.8928	1.533884	2.418671	0.3141096	1.894201
3570	-1035.087	-1221.319	186.2313	1.348464	2.418671	0.7158235	1.290882
3576	-1035.565	-1221.468	185.9027	1.256828	2.714301	0.8005491	1.428334
3582	-1036.646	-1222.903	186.2567	1.337365	2.049183	0.73001	1.422901
3588	-1035.037	-1221.302	186.2642	1.337365	2.241545	0.7847069	1.278725
3594	-1034.703	-1220.887	186.1841	1.252799	2.957771	0.8235083	1.084402
3600	-1037.29	-1223.741	186.4517	1.687467	2.159294	0.8384981	0.698575
3606	-1050.452	-1237.021	186.5692	1.541529	2.159294	0.8445288	0.7342974
3612	-1043.989	-1229.939	185.9502	1.564719	2.024258	1.394503	0.9358178
3618	-1036.225	-1222.536	186.3115	1.466065	2.283265	1.05906	0.7963677
3624	-1042.066	-1228.544	186.4778	1.538705	2.55285	0.571556	1.023117
3630	-1039.951	-1225.95	185.9994	1.357775	2.869238	0.8141509	1.199293
3636	-1048.071	-1234.164	186.0925	1.355049	3.038201	0.8141509	1.052438
3642	-1030.537	-1216.801	186.2632	1.284604	2.024958	0.7188684	1.47966
3648	-1029.085	-1215.341	186.2561	1.28305	2.220075	0.8950549	1.235706
