Iteration	Posterior	Likelihood	Prior	rate_log_sd	rate_loss	rate_neo	tree_length
0	-1025.105	-1212.018	186.913	1.948908	1.792377	0.5061882	0.5674362
6	-1016.843	-1203.283	186.4401	1.843566	2.391177	0.6542317	0.6196541
12	-1018.99	-1205.412	186.4217	1.804013	2.315834	0.6542317	0.7887138
18	-1023.681	-1209.911	186.2301	1.776986	2.643189	0.7624449	0.6515714
24	-1022.352	-1208.617	186.2647	1.700558	2.643189	0.6371233	0.9344004
30	-1025.351	-1211.657	186.3064	1.799384	2.350219	0.7492731	0.7582983
36	-1023.249	-1209.312	186.0629	2.050011	2.899537	0.6192929	0.5505894
42	-1021.37	-1207.891	186.5204	2.001376	2.819307	0.3865539	0.6023163
48	-1032.912	-1219.634	186.7214	2.017247	2.769665	0.2865709	0.6570291
54	-1048.358	-1234.733	186.3751	1.893472	2.387826	0.6528134	0.6624943
60	-1035.558	-1222.265	186.7066	1.765345	1.978201	0.6887061	0.59711
66	-1050.586	-1237.322	186.7355	1.811447	2.662247	0.3953533	0.6710301
72	-1034.374	-1220.919	186.5448	1.897284	2.958438	0.3929622	0.6192804
78	-1033.691	-1220.255	186.5635	1.743754	2.978799	0.3929622	0.8269024
84	-1040.716	-1226.886	186.1702	1.685834	2.261659	1.081984	0.6518969
90	-1043.313	-1230.073	186.7601	1.804561	2.167003	0.5250562	0.6811035
96	-1038.215	-1224.636	186.4209	1.394969	2.487527	0.7550636	1.006673
102	-1041.649	-1227.597	185.9477	1.297883	2.991276	0.6557445	1.408927
108	-1042.645	-1228.603	185.9581	1.391933	2.613831	0.7320615	1.381705
114	-1060.119	-1245.846	185.7268	1.298789	2.437864	1.115258	1.381705
120	-1049.595	-1235.735	186.1392	1.317624	2.737891	0.6326971	1.355952
126	-1047.177	-1232.948	185.7709	1.203427	2.302679	1.302695	1.348533
132	-1032.498	-1218.636	186.138	1.303336	2.378373	1.073078	1.090047
138	-1029.866	-1215.218	185.3522	1.27818	4.317475	0.7606736	1.405251
144	-1025.922	-1212.126	186.2039	1.344866	3.929442	0.5119534	1.028323
150	-1033.144	-1219.338	186.1935	1.47479	3.441175	0.5921655	0.9604018
156	-1028.69	-1214.866	186.1757	1.418656	2.953418	0.5969602	1.206535
162	-1025.975	-1211.751	185.7759	1.453455	3.027884	0.8587642	1.206535
168	-1022.994	-1208.909	185.9156	1.594121	2.485916	0.5908625	1.454361
174	-1017.58	-1204.312	186.7325	1.613567	2.421191	0.4478305	0.9604555
180	-1026.546	-1212.516	185.97	1.573534	2.366192	1.24201	0.8301597
186	-1028.708	-1214.811	186.1029	1.553904	2.390692	0.9603727	0.983344
192	-1031.299	-1217.066	185.7665	1.468064	2.555851	1.052224	1.212502
198	-1028.88	-1215.591	186.7102	1.686538	2.187676	0.5405503	0.8688042
204	-1028.239	-1214.585	186.3456	1.681699	2.482676	0.6608081	0.9156805
210	-1027.246	-1213.238	185.992	1.639402	2.77624	0.871037	0.9156805
216	-1021.867	-1207.772	185.9048	1.638217	2.694255	1.107715	0.7766991
222	-1028.718	-1215.331	186.6133	1.703426	2.637183	0.5346536	0.6685876
228	-1037.918	-1223.94	186.0213	1.457445	4.687691	0.5026636	0.8629615
234	-1029.017	-1215.589	186.5723	1.457445	2.491712	0.6293832	0.9548315
240	-1025.051	-1211.676	186.625	1.444061	2.230798	0.4620325	1.279313
246	-1025.408	-1212.033	186.6255	1.536245	2.297754	0.4189098	1.237458
252	-1030.059	-1216.763	186.7048	1.677779	2.301026	0.4996297	0.8912274
258	-1046.559	-1232.929	186.3702	1.765454	2.786	0.5922741	0.713584
264	-1030.631	-1217.533	186.9015	1.616557	1.995635	0.5424797	0.8502606
270	-1030.605	-1216.577	185.9722	1.632389	2.966357	1.020676	0.5858655
276	-1030.131	-1216.453	186.3219	1.736709	3.002305	0.6206757	0.5847084
282	-1022.925	-1209.479	186.554	1.731909	2.025124	0.7835081	0.6869107
288	-1024.494	-1210.482	185.9879	1.879679	3.876001	0.4047793	0.9129028
294	-1033.91	-1220.472	186.5618	1.62456	3.068162	0.4781473	0.7253944
300	-1032.164	-1218.412	186.2477	1.83114	3.212673	0.5543975	0.5439494
306	-1024.327	-1210.784	186.4564	1.839216	2.636699	0.5543975	0.6489593
312	-1023.393	-1209.902	186.5095	1.843843	2.221557	0.6294265	0.7250195
318	-1025.692	-1212.344	186.6521	1.776528	2.150691	0.5915862	0.7525317
324	-1026.495	-1212.914	186.4181	1.6833	2.849196	0.5915862	0.7250317
330	-1032.401	-1218.845	186.444	1.672622	2.940833	0.576546	0.6663796
336	-1036.443	-1222.942	186.4991	1.563174	2.035426	0.6071651	1.183294
342	-1041.336	-1227.88	186.5445	1.426519	2.67244	0.5370502	1.063239
348	-1040.823	-1226.638	185.815	1.533108	2.83016	0.9438127	1.095969
354	-1036.653	-1222.424	185.7713	1.573159	3.023474	0.6649262	1.310056
360	-1033.68	-1220.588	186.9081	1.540224	1.766521	0.6391635	0.9286348
366	-1021.446	-1208.01	186.5644	1.538165	2.291026	0.668727	0.9286348
372	-1025.388	-1211.925	186.5375	1.521808	2.416696	0.664102	0.9118685
378	-1028.444	-1214.637	186.1928	1.464307	2.128116	0.774159	1.294377
384	-1032.382	-1218.567	186.1849	1.387699	2.916987	0.5612333	1.282419
390	-1028.393	-1214.716	186.3228	1.511468	2.49576	0.5612333	1.226728
396	-1030.491	-1216.901	186.4105	1.366852	2.55329	0.4382655	1.414232
402	-1033.208	-1219.178	185.9704	1.297369	2.55329	0.8336687	1.373341
408	-1040.445	-1226.804	186.3588	1.363013	2.538841	0.5524686	1.313165
414	-1040.256	-1226.274	186.0183	1.303386	3.783506	0.4833429	1.313165
420	-1046.906	-1232.968	186.0617	1.369567	2.378257	0.471919	1.69022
426	-1034.055	-1220.159	186.1046	1.318049	2.378257	1.08702	1.095226
432	-1032.511	-1218.616	186.1046	1.318049	2.378257	1.08702	1.095226
438	-1031.19	-1217.295	186.1046	1.318049	2.378257	1.08702	1.095226
444	-1031.791	-1217.895	186.1046	1.318049	2.378257	1.08702	1.095226
450	-1030.813	-1216.918	186.1046	1.318049	2.378257	1.08702	1.095226
456	-1032.247	-1218.352	186.1046	1.318049	2.378257	1.08702	1.095226
462	-1030.471	-1216.575	186.1046	1.318049	2.378257	1.08702	1.095226
468	-1037.875	-1223.979	186.1046	1.318049	2.378257	1.08702	1.095226
474	-1048.182	-1234.287	186.1046	1.318049	2.378257	1.08702	1.095226
480	-1058.327	-1243.434	185.107	1.004912	1.896499	0.873424	2.382281
486	-1047.026	-1232.662	185.636	1.105329	2.168998	1.064955	1.730574
492	-1045.682	-1231.689	186.0063	1.013027	2.168998	1.065014	1.529927
498	-1040.722	-1226.105	185.3825	1.001293	2.177587	1.065014	1.97233
504	-1034.502	-1220.262	185.7605	1.104606	2.842888	0.954953	1.478591
510	-1026.01	-1211.855	185.8456	1.184533	2.480992	0.9419376	1.492066
516	-1015.416	-1200.199	184.7823	0.9151714	2.122932	1.26589	2.322777
522	-1015.71	-1201.259	185.5491	1.031875	2.269804	0.804518	1.991154
528	-1023.113	-1208.253	185.1396	0.8376481	3.312565	0.8387759	2.051411
534	-1026.045	-1210.508	184.4624	0.7778461	2.843348	1.067836	2.496876
540	-1029.778	-1215.15	185.3715	1.018925	1.93997	0.8490286	2.204803
546	-1043.605	-1228.568	184.9631	0.9342494	2.816579	0.914212	2.185001
552	-1037.041	-1223.596	186.5555	1.197244	1.742222	0.6576331	1.517036
558	-1042.579	-1228.413	185.8337	1.278754	2.213339	0.5989069	1.833354
564	-1043.959	-1229.994	186.035	1.396728	1.932859	0.8552802	1.485189
570	-1043.1	-1229.17	186.0705	1.321726	1.807549	1.303455	1.239901
576	-1035.961	-1221.782	185.8214	1.321726	2.327851	1.303455	1.198103
582	-1036.539	-1222.707	186.1679	1.321726	2.327851	0.84231	1.278054
588	-1033.037	-1219.171	186.1342	1.173852	2.348572	0.6059357	1.638514
594	-1037.513	-1223.489	185.9757	1.207134	2.103625	0.6442743	1.782164
600	-1038.874	-1224.901	186.0271	1.242859	3.035988	0.6945266	1.334026
606	-1041.901	-1228.191	186.2897	1.184519	1.755676	0.7899379	1.591841
612	-1047.267	-1233.788	186.521	1.133942	2.149693	0.711315	1.349498
618	-1045.281	-1231.22	185.9388	1.062306	1.591884	0.9676439	1.864689
624	-1041.44	-1227.065	185.625	1.149118	2.896426	0.9676439	1.519349
630	-1040.084	-1225.628	185.5445	1.156264	2.896426	1.168431	1.43001
636	-1042.755	-1229.077	186.3222	1.056248	1.427076	0.8328789	1.788386
642	-1030.899	-1216.99	186.0916	1.289575	1.82384	0.9012354	1.535418
648	-1033.582	-1219.243	185.6606	1.118974	1.787354	0.8705696	1.99568
654	-1024.743	-1211.203	186.4601	1.325472	2.024996	0.6075348	1.413186
660	-1030.979	-1217.683	186.7046	1.297404	1.465671	0.6075348	1.5275
666	-1027.643	-1212.59	184.9469	0.9307382	2.528899	0.77278	2.386429
672	-1029.127	-1214.005	184.8784	0.9546565	2.127633	1.332859	2.198789
678	-1026.849	-1212.531	185.6824	0.951339	2.022298	0.9095576	1.968894
684	-1033.646	-1217.994	184.3479	0.8737999	2.376592	0.9587227	2.712731
690	-1033.648	-1218.323	184.6752	0.8154776	2.2234	0.9024082	2.633384
696	-1030.444	-1214.729	184.2853	0.7992481	2.531813	0.6993783	2.931098
702	-1030.501	-1214.992	184.4911	0.9083327	2.68135	1.029552	2.466399
708	-1026.087	-1211.376	185.2895	0.9271532	2.200473	1.029552	2.097521
714	-1036.823	-1222.721	185.8985	1.021106	1.805875	1.059206	1.75978
720	-1030.173	-1215.705	185.5321	1.095937	3.023966	0.9601773	1.592246
726	-1026.695	-1212.221	185.5256	1.383884	1.931315	1.334206	1.53841
732	-1033.429	-1219.375	185.9459	1.45012	1.681634	1.14544	1.411963
738	-1033.591	-1219.642	186.051	1.498077	1.730171	0.9960999	1.378258
744	-1032.394	-1218.834	186.44	1.411515	1.811302	1.119533	0.9616825
750	-1022.642	-1209.112	186.47	1.427561	2.811486	0.6644972	0.8820199
756	-1030.848	-1217.127	186.2793	1.631839	2.557513	0.7789494	0.8323205
762	-1029.422	-1216.093	186.6711	1.464807	1.758782	0.8374708	0.999685
768	-1027.733	-1214.031	186.2983	1.217913	2.547247	0.7579505	1.247316
774	-1029.46	-1215.782	186.3227	1.309158	2.397769	0.6837684	1.291053
780	-1033.677	-1219.138	185.4612	1.138581	1.975973	1.677844	1.561072
786	-1034.664	-1220.577	185.9132	1.363017	1.493556	1.667257	1.289928
792	-1036.066	-1222.537	186.4712	1.332927	1.453269	1.133338	1.222446
798	-1043.21	-1228.494	185.2843	1.272116	2.99719	0.9028428	1.695385
804	-1034.424	-1220.066	185.642	1.187231	2.134059	1.045458	1.695385
810	-1038.927	-1225.206	186.2792	1.307704	2.166205	0.8576698	1.254829
816	-1040.549	-1226.613	186.0637	1.352104	2.712108	0.8576698	1.166674
822	-1031.535	-1217.966	186.4311	1.433032	1.800717	0.8786523	1.183297
828	-1026.889	-1213.155	186.2661	1.361703	2.119201	0.7264234	1.369172
834	-1027.367	-1213.266	185.8997	1.262452	2.096879	1.098963	1.428241
840	-1043.263	-1229.883	186.6196	1.345039	1.911461	0.4676492	1.496201
846	-1039.577	-1225.714	186.1374	1.226288	2.228751	0.7632128	1.490787
852	-1021.205	-1206.91	185.7053	1.247777	2.9151	0.7203822	1.589101
858	-1022.487	-1208.354	185.8676	1.254868	1.957422	0.6632178	1.864289
864	-1026.872	-1212.86	185.9877	1.306091	1.931679	0.6000016	1.818097
870	-1025.554	-1211.578	186.0242	1.306091	2.56247	0.6983427	1.449344
876	-1018.447	-1204.871	186.4231	1.344277	2.338733	0.5785721	1.325473
882	-1023.394	-1208.946	185.5528	1.228461	3.323212	0.5566493	1.754658
888	-1032.228	-1217.466	185.2385	1.130884	3.046651	0.5566493	2.108465
894	-1029.233	-1214.552	185.3194	1.093236	3.031613	0.6223387	2.020277
900	-1039.493	-1224.777	185.2847	1.098963	2.113447	0.9216593	2.091676
906	-1030.639	-1216.303	185.6634	0.9433826	2.212069	0.8604081	1.951673
912	-1019.791	-1204.952	185.1608	1.083721	2.174081	0.8624046	2.202511
918	-1022.675	-1208.938	186.2633	1.217909	2.174081	0.7210826	1.464195
924	-1026.153	-1212.259	186.1061	1.504842	2.410597	0.726361	1.257606
930	-1031.276	-1217.835	186.5591	1.698978	3.123826	0.3799354	0.8444793
936	-1036.45	-1222.4	185.9497	1.698978	2.881685	0.9356278	0.7467601
942	-1033.694	-1219.713	186.0198	1.642108	2.745172	1.054118	0.6102032
948	-1033.946	-1219.99	186.0438	1.848132	2.195892	1.099938	0.6102032
954	-1031.559	-1217.812	186.2534	1.834872	3.177414	0.554621	0.5663665
960	-1029.675	-1215.933	186.2582	2.000749	1.963914	0.8802817	0.5663665
966	-1029.192	-1215.144	185.9518	1.959856	2.883365	0.7828772	0.4984531
972	-1036.253	-1221.939	185.6862	1.894457	2.560171	1.265257	0.5059107
978	-1031.742	-1217.717	185.9746	1.952742	3.289422	0.6392437	0.5179573
984	-1036.219	-1222.822	186.6032	1.966415	2.4857	0.44013	0.6231051
990	-1034.554	-1220.943	186.3894	1.966415	3.052259	0.4296492	0.5297527
996	-1033.592	-1220.213	186.6203	2.048515	1.803605	0.6341557	0.4786667
1002	-1032.509	-1218.949	186.4398	2.005696	2.169381	0.6392938	0.4786667
1008	-1033.851	-1220.228	186.3771	1.905824	2.169381	0.7322769	0.6562991
1014	-1035.581	-1221.942	186.3613	1.777847	2.830419	0.5733873	0.7212577
1020	-1045.504	-1232.248	186.7439	1.788836	1.956346	0.6106605	0.7212577
1026	-1041.758	-1227.812	186.0543	1.765569	2.755313	0.6371535	1.029728
1032	-1039.653	-1226.437	186.7846	1.765569	2.241675	0.5046947	0.6937929
1038	-1031.074	-1217.894	186.8197	1.740756	2.241675	0.4181097	0.8875715
1044	-1026.726	-1213.224	186.4977	1.602018	2.241675	0.7072385	0.9047322
1050	-1027.632	-1213.72	186.0875	1.528353	2.390667	0.9426439	1.042003
1056	-1025.818	-1211.752	185.9331	1.457842	2.88887	0.7364064	1.242896
1062	-1027.198	-1213.281	186.083	1.491688	2.88887	0.703856	1.119483
1068	-1043.328	-1229.533	186.2048	1.815342	2.666603	0.704409	0.7390769
1074	-1037.988	-1224.527	186.5392	1.885151	2.624302	0.449633	0.7390769
1080	-1038.576	-1224.372	185.796	2.225771	2.486962	0.8393872	0.4390303
1086	-1042.625	-1228.328	185.7023	2.197262	2.818751	0.7888567	0.3814667
1092	-1050.271	-1236.051	185.7804	2.226667	2.887246	0.6933964	0.4183189
1098	-1043.257	-1229.875	186.6182	1.993779	2.718058	0.342685	0.7011908
1104	-1043.194	-1229.925	186.7308	1.853698	2.135838	0.5197413	0.6919365
1110	-1033.495	-1220.036	186.5405	1.974216	2.577854	0.429458	0.685747
1116	-1031.864	-1218.526	186.6616	1.804671	2.392666	0.4845771	0.7559149
1122	-1039.907	-1226.044	186.1363	1.909407	3.415835	0.5267841	0.5121197
1128	-1041.834	-1227.836	186.0013	1.785036	4.573191	0.4341968	0.6211283
1134	-1036.248	-1222.853	186.6056	1.568619	2.706484	0.4341968	1.019935
1140	-1042.5	-1228.92	186.42	1.568619	2.706484	0.6289454	0.8885667
1146	-1034.807	-1221.02	186.2133	1.575111	2.922147	0.7027376	0.8932063
1152	-1026.909	-1213.217	186.3082	1.644825	2.637412	0.7776259	0.7221533
1158	-1021.398	-1207.77	186.3717	1.644825	2.913449	0.6569711	0.660753
1164	-1029.555	-1215.932	186.3773	1.708282	1.956947	1.017222	0.6613924
1170	-1030.035	-1216.235	186.2	1.423984	2.287171	1.017222	1.012576
1176	-1027.667	-1214.218	186.5511	1.445636	2.280987	0.5786065	1.158596
1182	-1028.546	-1214.964	186.4179	1.318771	1.990668	0.7008987	1.367317
1188	-1029.783	-1215.187	185.4037	1.148964	2.336697	1.08862	1.784172
1194	-1040.642	-1226.35	185.7086	1.174192	2.588508	0.9168938	1.582127
1200	-1036.572	-1222.42	185.8482	1.208776	2.750567	0.9168938	1.393928
1206	-1037.559	-1223.617	186.0577	1.27485	3.129709	0.6179155	1.336452
1212	-1042.95	-1228.681	185.7309	1.189227	2.634461	0.669033	1.751304
1218	-1038.092	-1224.244	186.1521	1.329994	2.65577	0.768709	1.22154
1224	-1033.166	-1219.883	186.7173	1.329994	2.03441	0.4755204	1.366213
1230	-1032.477	-1218.646	186.169	1.719576	2.340011	0.8849985	0.8442944
1236	-1035.261	-1221.298	186.0361	1.627907	3.305202	0.7740806	0.7325053
1242	-1030.964	-1217.301	186.3364	1.702197	2.270788	0.800849	0.8215772
1248	-1038.348	-1224.676	186.328	1.518852	2.563668	0.8298981	0.8341734
1254	-1042.817	-1229.279	186.462	1.404989	2.563668	0.7747972	0.8875726
1260	-1043.4	-1229.823	186.4228	1.474442	2.89884	0.4833892	1.117893
1266	-1039.607	-1225.303	185.6962	1.514769	3.0902	1.210552	0.8621398
1272	-1039.374	-1225.191	185.8174	1.473367	3.307391	1.108169	0.7634375
1278	-1034.889	-1220.999	186.1101	1.623861	3.652942	0.5460594	0.8785108
1284	-1024.683	-1211.001	186.3185	1.428442	3.244444	0.5606111	1.006444
1290	-1032.872	-1218.656	185.7844	1.470409	3.762457	0.6044111	1.218275
1296	-1040.66	-1226.552	185.892	1.386423	2.258196	0.8506135	1.465817
1302	-1040.261	-1226.346	186.0848	1.171012	2.518029	0.7362434	1.485458
1308	-1049.599	-1233.974	184.3748	1.037745	2.104253	1.503693	2.392195
1314	-1057.762	-1242.547	184.7849	1.130351	2.44408	0.6402641	2.496958
1320	-1051.859	-1237.814	185.9544	1.345788	2.234875	0.4081324	1.912871
1326	-1053.442	-1238.448	185.006	1.131747	3.11778	0.8371552	1.998016
1332	-1041.297	-1226.895	185.5986	1.207682	2.409455	0.861411	1.74322
1338	-1035.564	-1221.221	185.6565	1.269437	2.435288	0.8862812	1.629297
1344	-1032.774	-1218.721	185.9467	1.258757	2.845035	0.6891811	1.45416
1350	-1024.592	-1210.186	185.5942	1.199415	2.344702	0.6019975	1.999011
1356	-1026.683	-1212.647	185.9641	1.201058	2.529162	0.5593991	1.724952
1362	-1033.699	-1219.513	185.8135	1.269475	1.858359	0.9141289	1.724952
1368	-1035.373	-1221.285	185.9122	1.148362	2.769416	0.5743508	1.703124
1374	-1041.238	-1226.828	185.5901	1.284147	2.432751	0.5761692	1.940427
1380	-1035.108	-1221.093	185.9847	1.337788	2.775088	0.8791526	1.2019
1386	-1030.328	-1216.794	186.4664	1.670047	2.379577	0.5018868	1.095043
1392	-1026.548	-1212.825	186.2773	1.330246	2.568564	0.5910588	1.346692
1398	-1026.326	-1212.053	185.7269	1.394962	2.402181	0.9940055	1.411528
1404	-1019.293	-1205.548	186.2552	1.220168	2.266986	0.7203713	1.430998
1410	-1021.364	-1207.742	186.3778	1.35996	2.24751	0.6965328	1.25459
1416	-1029.117	-1215.218	186.1006	1.322479	2.176173	0.368598	1.903948
1422	-1029.396	-1214.898	185.5017	1.192112	2.915932	1.018745	1.534525
1428	-1026.268	-1211.993	185.7251	1.076526	2.045191	0.7063609	2.007447
1434	-1031.619	-1217.137	185.5178	1.082108	2.183174	0.8744838	1.956336
1440	-1036.911	-1222.571	185.6599	1.008358	1.860626	1.237937	1.798535
1446	-1036.188	-1222.174	185.9859	1.10599	3.089341	0.7467437	1.404341
1452	-1030.138	-1216.038	185.8992	1.118302	3.087104	0.6418723	1.56477
1458	-1033.244	-1219.024	185.7799	1.043741	3.087104	0.7932409	1.56477
1464	-1028.744	-1215.18	186.4358	1.095653	1.737751	0.8454318	1.510649
1470	-1030.13	-1215.759	185.6285	1.049195	2.453801	0.6073087	2.03413
1476	-1027.636	-1213.861	186.2256	1.159279	2.163827	0.8358239	1.436458
1482	-1023.383	-1209.46	186.0775	1.265567	2.163827	0.8104192	1.490487
1488	-1031.626	-1217.403	185.7768	1.230746	2.146885	0.8483168	1.709791
1494	-1032.283	-1218.675	186.3922	1.311228	2.880606	0.4613704	1.321343
1500	-1029.014	-1215.499	186.4855	1.637523	2.555715	0.4207428	1.156162
1506	-1029.594	-1216.033	186.4389	1.749611	2.02185	0.7887437	0.8250406
1512	-1034.875	-1221.619	186.7435	1.686523	2.02185	0.5134191	0.9815982
1518	-1035.24	-1221.501	186.2611	1.65533	2.30753	0.8955996	0.8160245
1524	-1030.512	-1216.906	186.3949	1.65533	2.374041	0.6086207	1.023784
1530	-1031.02	-1217.287	186.2666	1.51801	2.374041	0.9050015	0.9190886
1536	-1042.386	-1228.889	186.5028	1.616107	1.679599	0.9763987	0.9155214
1542	-1032.535	-1218.777	186.2414	1.596521	2.342311	0.9657563	0.7980583
1548	-1035.832	-1222.117	186.2855	1.596521	2.069832	0.9744272	0.9127774
1554	-1037.398	-1223.582	186.1839	1.606193	2.257376	0.9430501	0.9354844
1560	-1035.215	-1221.23	186.0149	1.490543	2.258292	1.108874	1.057361
1566	-1031.702	-1217.812	186.1097	1.407055	2.207937	1.108874	1.07225
1572	-1026.258	-1212.533	186.2752	1.202388	2.399317	0.8134932	1.28499
1578	-1022.171	-1208.041	185.8701	1.259846	1.843046	1.248091	1.466966
1584	-1012.582	-1199.053	186.4709	1.254409	1.526142	1.039183	1.316138
1590	-1014.735	-1201.175	186.44	1.2853	1.789764	1.03758	1.167258
1596	-1026.357	-1211.986	185.6289	1.394442	1.991289	1.473379	1.341205
1602	-1022.352	-1208.55	186.1979	1.23879	2.477915	0.4891604	1.629516
1608	-1019.153	-1205.091	185.9378	1.485334	1.838592	0.2711317	2.179764
1614	-1025.365	-1211.229	185.8642	1.303528	1.838592	0.2907229	2.313404
1620	-1016.457	-1202	185.543	1.055845	1.759746	0.5910102	2.35537
1626	-1015.505	-1200.149	184.644	0.9031645	2.024487	0.8107794	2.730342
1632	-1023.979	-1209.852	185.8738	1.114901	1.621163	1.027955	1.817741
1638	-1036.068	-1221.667	185.5985	0.9459718	2.304588	0.9716248	1.880066
1644	-1037.502	-1222.274	184.7719	0.9619174	2.561296	0.6965486	2.527032
1650	-1038.195	-1223.646	185.4513	0.9691062	2.224253	0.6096073	2.277072
1656	-1030.183	-1215.502	185.3193	1.082824	2.221983	0.9294295	2.034634
1662	-1026.808	-1212.091	185.2828	1.051308	2.071393	0.9294295	2.134309
1668	-1032.167	-1217.378	185.2117	0.9574402	2.031122	1.036927	2.185832
1674	-1035.322	-1220.573	185.2516	0.9531731	2.082313	1.012381	2.15925
1680	-1033.225	-1218.447	185.2221	0.9957255	2.185217	0.6552116	2.378889
1686	-1030.079	-1216.112	186.033	0.9541935	2.25779	0.6552116	1.848441
1692	-1031.626	-1217.374	185.7476	1.121353	2.25779	1.013799	1.640992
1698	-1041.83	-1226.655	184.8258	1.10555	2.271213	0.9408935	2.315457
1704	-1039.586	-1225.268	185.682	1.177952	2.381026	0.9981725	1.61229
1710	-1037.576	-1223.81	186.2335	1.315707	2.071858	0.6225449	1.554986
1716	-1033.06	-1219.489	186.4288	1.390057	2.232141	0.6509843	1.244628
1722	-1029.613	-1215.994	186.3818	1.177893	2.516447	0.7500365	1.231587
1728	-1035.741	-1221.442	185.7009	1.320955	2.089646	0.7932153	1.767074
1734	-1027.833	-1214.534	186.7018	1.276003	1.654728	0.498775	1.569743
1740	-1027.369	-1212.352	184.9825	1.093185	2.483679	1.097252	2.051128
1746	-1018.404	-1204.015	185.6106	1.093185	2.611325	1.066245	1.595013
1752	-1024.555	-1210.361	185.8054	1.174573	2.254547	0.407615	2.119516
1758	-1027.801	-1213.982	186.1807	1.372752	2.168038	0.3454815	1.850853
1764	-1030.271	-1215.707	185.4357	1.300154	2.338673	0.895994	1.791012
1770	-1029.506	-1215.082	185.5765	1.226364	2.137086	0.9430633	1.784873
1776	-1040.443	-1225.283	184.84	1.029104	2.080527	0.9029989	2.446605
1782	-1044.723	-1230.22	185.4977	1.061922	2.154714	1.04573	1.874521
1788	-1048.426	-1234.124	185.698	0.9722179	1.532398	0.7551591	2.268437
1794	-1045.388	-1229.968	184.5804	0.9444042	1.948144	1.123072	2.573405
1800	-1046.01	-1231.924	185.9144	1.171737	2.11734	1.20319	1.405555
1806	-1042.524	-1228.46	185.9361	1.225406	2.376962	1.182933	1.247675
1812	-1043.677	-1229.599	185.9216	1.160821	2.180737	0.8914077	1.608628
1818	-1043.25	-1228.473	185.2233	1.032927	2.264293	0.8724836	2.155979
1824	-1050.921	-1236.032	185.1115	1.112729	2.937525	0.4386369	2.358434
1830	-1039.687	-1225.709	186.0223	1.112729	2.145146	0.7368009	1.714126
1836	-1032.985	-1217.444	184.4588	1.07842	2.621761	0.8684452	2.502666
1842	-1033.808	-1219.406	185.598	1.305009	2.639346	0.6792743	1.752102
1848	-1031.115	-1216.542	185.4277	1.12314	2.639346	1.05588	1.702415
1854	-1036.351	-1221.767	185.4158	1.170147	2.2881	0.7169479	2.052696
1860	-1042.615	-1228.722	186.1075	1.116031	2.2881	0.6948402	1.634207
1866	-1035.579	-1221.285	185.7062	1.103485	2.516287	0.9514035	1.634207
1872	-1035.622	-1221.428	185.8058	1.183851	2.475933	0.9514035	1.516899
1878	-1045.151	-1231.083	185.9322	1.407706	2.128201	0.9378654	1.40018
1884	-1052.781	-1238.493	185.7126	1.407706	2.324753	1.13895	1.335324
1890	-1050.503	-1236.806	186.3031	1.136848	1.917459	0.8458602	1.494023
1896	-1050.139	-1235.517	185.3778	0.9833937	2.230749	1.217851	1.87454
1902	-1044.39	-1228.816	184.4261	0.8858255	1.912495	1.771707	2.410329
1908	-1044.2	-1229.416	185.2158	0.9698076	1.912495	1.20984	2.117691
1914	-1043.237	-1229	185.7632	1.063988	2.200579	1.072046	1.652553
1920	-1045.585	-1230.863	185.2784	0.8793299	2.483993	1.064981	2.016826
1926	-1049.761	-1234.367	184.6064	1.025562	2.704779	1.309183	2.151895
1932	-1043.584	-1228.6	185.0162	0.9717542	2.306214	1.311466	2.045576
1938	-1039.134	-1224.478	185.3436	0.9717542	4.007037	1.038273	1.492602
1944	-1035.313	-1220.568	185.2551	0.9742359	3.308673	0.8153067	1.901732
1950	-1032.393	-1217.508	185.1153	1.107952	2.397601	0.8260185	2.166505
1956	-1037.511	-1222.495	184.9835	0.9684908	2.628103	1.460247	1.884382
1962	-1033.774	-1218.291	184.5165	1.067659	1.987212	1.09469	2.538406
1968	-1046.584	-1232.34	185.7558	0.9675301	1.650314	1.037954	1.977739
1974	-1045.899	-1230.309	184.4103	0.9590276	2.709153	1.037954	2.47208
1980	-1031.306	-1216.578	185.2724	1.17884	2.124306	0.963106	2.014334
1986	-1032.994	-1218.911	185.9179	1.356793	2.595493	0.4256589	1.782744
1992	-1032.508	-1218.843	186.335	1.464836	2.595493	0.4288737	1.394349
1998	-1038.535	-1224.749	186.2132	1.473512	3.073352	0.3729405	1.400576
2004	-1039.052	-1225.362	186.3108	1.385405	2.137953	0.5287291	1.522715
2010	-1042.672	-1228.948	186.2764	1.371261	2.465276	0.7086361	1.222835
2016	-1043.286	-1228.078	184.7919	1.102062	2.86551	1.264394	1.955164
2022	-1038.507	-1223.054	184.5473	0.8326259	1.72594	1.070081	2.778686
2028	-1028.2	-1212.856	184.6561	0.9206617	2.791697	1.236328	2.201359
2034	-1032.102	-1217.345	185.2433	1.049636	2.216259	1.270543	1.895904
2040	-1034.382	-1219.961	185.5793	1.020596	2.158717	0.845833	1.986805
2046	-1038.596	-1224.085	185.4899	1.155748	1.507858	0.8412873	2.230208
2052	-1035.335	-1220.238	184.9026	1.032309	2.44842	1.695891	1.841863
2058	-1034.562	-1220.069	185.5066	1.004294	2.701263	0.9711921	1.769038
2064	-1035.602	-1221.268	185.6659	1.1067	2.493818	1.211142	1.488854
2070	-1040.248	-1226.426	186.1784	1.2611	2.286285	0.5935119	1.579886
2076	-1041.139	-1227.305	186.1658	1.234109	2.597207	0.8730742	1.212089
2082	-1036.333	-1222.255	185.9217	1.221416	2.677808	0.7217168	1.526492
2088	-1032.524	-1218.293	185.7689	1.073297	1.977144	1.103836	1.710834
2094	-1029.331	-1215.576	186.2451	1.31761	1.977144	0.6545004	1.552873
2100	-1034.626	-1220.643	186.0169	1.200815	2.645288	0.7169148	1.486678
2106	-1029.968	-1215.86	185.8921	1.201908	2.629191	0.7169148	1.584017
2112	-1038.025	-1223.323	185.2978	0.9486835	2.629191	0.7025166	2.175755
2118	-1047.282	-1232.584	185.3016	0.8954305	2.25518	0.7977087	2.252704
2124	-1035.311	-1220.618	185.3062	0.9425007	2.635136	0.7681723	2.11877
2130	-1032.723	-1218.249	185.5255	0.9413353	1.936783	0.7681723	2.21788
2136	-1034.744	-1220.34	185.5957	0.9913141	2.454569	0.868565	1.873559
2142	-1034.387	-1220.44	186.0529	1.01282	2.064219	0.8246828	1.720682
2148	-1033.978	-1219.41	185.432	1.034503	2.817001	0.8246828	1.87298
2154	-1024.156	-1209.744	185.5878	0.9469533	2.566752	0.6478858	2.054294
2160	-1035.316	-1220.573	185.2572	1.049584	2.553296	0.8351923	2.054294
2166	-1038.912	-1223.93	185.0184	0.9557359	2.586385	1.182595	2.034079
2172	-1037.823	-1222.442	184.6187	0.9849657	2.715048	1.353633	2.143896
2178	-1040.122	-1224.784	184.662	0.9933827	2.784607	1.251783	2.143896
2184	-1044.252	-1230.116	185.8643	0.9579005	2.289682	0.6761274	1.92996
2190	-1036.792	-1222.003	185.2102	1.022026	2.821492	1.036957	1.878239
2196	-1038.058	-1223.681	185.6233	1.058684	2.821492	0.8785944	1.679314
2202	-1038.416	-1223.29	184.8744	1.063098	2.099509	0.8785944	2.413528
2208	-1043.113	-1228.988	185.8756	1.084287	2.156251	0.8785944	1.715937
2214	-1035.483	-1220.808	185.3248	1.067176	2.461257	1.091749	1.849319
2220	-1032.95	-1218.33	185.3806	1.065466	2.461257	1.266889	1.703924
2226	-1034.737	-1219.756	185.0186	1.085601	2.40376	1.532047	1.819125
2232	-1026.721	-1212.257	185.5364	1.069284	2.72229	1.043112	1.644555
2238	-1022.866	-1208.278	185.4122	1.048569	3.026129	1.043112	1.652588
2244	-1026.776	-1212.403	185.6268	1.095754	2.907753	0.8744274	1.626203
2250	-1028.525	-1213.743	185.2174	1.086683	2.907753	0.8858789	1.909417
2256	-1040.978	-1225.616	184.6375	0.9286513	2.416254	0.8792812	2.539824
2262	-1036.012	-1221.509	185.4966	1.029377	3.344604	0.9618306	1.570624
2268	-1038.787	-1224.681	185.8935	1.025363	2.816953	0.5306811	1.833984
2274	-1025.325	-1211.197	185.8724	1.049016	2.315046	0.5723881	1.953079
2280	-1030.222	-1215.153	184.9306	0.8151732	3.346489	0.7075169	2.296472
2286	-1031.949	-1217.256	185.3071	0.8734888	3.934491	0.5270844	2.042527
2292	-1025.695	-1211.149	185.4542	0.978728	3.565748	0.5546745	1.932489
2298	-1021.099	-1206.523	185.424	1.154335	2.929152	0.6570949	1.906048
2304	-1022.178	-1208.155	185.9769	1.08112	2.251751	0.5996744	1.855719
2310	-1027.555	-1213.527	185.9721	1.23868	2.186866	0.4200825	1.975454
2316	-1026.621	-1212.251	185.6303	1.264559	1.807961	1.054211	1.779417
2322	-1019.927	-1205.212	185.2858	1.118168	2.334624	1.054211	1.90927
2328	-1024.319	-1209.429	185.1105	1.072986	2.899796	0.4971842	2.330289
2334	-1022.937	-1209.068	186.1311	1.238571	2.658227	0.5868843	1.502057
2340	-1018.021	-1204.217	186.1955	1.371482	1.819989	0.7793823	1.502206
2346	-1022.11	-1208.283	186.1725	1.444974	1.819989	0.8735009	1.38043
2352	-1016.299	-1202.575	186.2763	1.49915	2.138051	0.9837059	0.9751561
2358	-1023.377	-1209.285	185.9078	1.41067	2.974183	0.840213	1.167369
2364	-1023.631	-1209.596	185.9643	1.39256	2.118773	1.101424	1.261491
2370	-1024.122	-1210.282	186.1601	1.543012	2.134222	1.040845	0.9932761
2376	-1029.448	-1215.43	185.982	1.398053	2.256643	1.021009	1.243499
2382	-1028.971	-1214.577	185.6064	1.288659	2.940248	0.9362877	1.43814
2388	-1030.199	-1216.244	186.0444	1.411436	2.147197	0.8249127	1.398374
2394	-1023.609	-1209.615	186.0058	1.545595	2.141513	0.9229474	1.236424
2400	-1013.231	-1199.694	186.4636	1.604793	2.422198	0.5434646	1.076296
2406	-1018.736	-1204.782	186.0464	1.515755	2.390313	0.9339988	1.101054
2412	-1012.312	-1198.25	185.9384	1.418651	1.750549	1.228406	1.349667
2418	-1023.087	-1209.619	186.5322	1.418651	1.885406	0.6325032	1.320644
2424	-1032.602	-1218.786	186.1836	1.411592	1.95202	0.6243272	1.570774
2430	-1039.931	-1225.965	186.0347	1.409844	1.916915	0.754684	1.570774
2436	-1053.423	-1239.053	185.63	1.251552	1.7863	1.147148	1.737955
2442	-1045.516	-1230.946	185.4299	1.002202	2.869711	0.9855692	1.760832
2448	-1039.955	-1225.431	185.4758	1.148966	2.79208	0.8381945	1.760832
2454	-1053.56	-1238.464	184.9049	0.8873742	2.988348	0.8097135	2.27968
2460	-1052.47	-1236.858	184.3877	0.8873742	2.988348	1.080267	2.428076
2466	-1044.06	-1228.701	184.6414	0.8791529	2.748763	0.9395195	2.428076
2472	-1037.698	-1223.232	185.5339	0.9647737	2.748763	1.18294	1.619913
2478	-1034.366	-1220.354	185.9879	1.05493	1.91646	0.6450846	1.951727
2484	-1031.86	-1217.638	185.778	1.236939	2.990399	0.6450846	1.593192
2490	-1041.156	-1226.575	185.4185	0.9818158	3.138659	1.145748	1.593192
2496	-1030.602	-1215.48	184.8785	1.021538	2.771655	1.026046	2.12188
2502	-1027.335	-1212.234	184.8987	0.8635891	2.906057	0.8659159	2.280509
2508	-1025.78	-1210.788	185.008	0.7581857	2.30486	0.8254207	2.488596
2514	-1035.274	-1221.144	185.8705	0.8372378	3.194359	0.8254207	1.589939
2520	-1032.202	-1217.561	185.3581	0.9335589	3.141265	1.379344	1.527964
2526	-1030.216	-1215.478	185.2628	0.8738	3.141265	0.8921308	1.951313
2532	-1029.208	-1214.47	185.2621	0.8890949	2.927161	0.8838479	2.007956
2538	-1028.37	-1213.748	185.3779	0.9777858	2.216031	0.8498235	2.12448
2544	-1030.751	-1215.768	185.0166	0.9638467	2.177262	0.9225786	2.328755
2550	-1027.811	-1213.358	185.547	1.122199	3.005934	0.7634948	1.726002
2556	-1034.226	-1219.586	185.3597	1.143158	2.258523	0.9538343	1.937116
2562	-1057.712	-1243.712	186	2.084695	2.27033	0.8880317	0.4703941
2568	-1049.871	-1235.645	185.7734	2.059815	2.27033	1.143361	0.5068337
2574	-1044.714	-1230.78	186.0655	1.937682	2.732572	0.762662	0.514999
2580	-1048.203	-1234.215	186.012	1.977703	2.76284	0.762662	0.5085721
2586	-1041.711	-1228.035	186.3234	1.973168	2.751187	0.5169144	0.6597525
2592	-1045.91	-1232.418	186.5078	1.961778	2.433218	0.5026995	0.6642104
2598	-1048.131	-1234.055	185.9236	1.917716	3.725106	0.5814962	0.5583037
2604	-1047.649	-1234.211	186.5624	1.854108	2.451739	0.5350851	0.6466989
2610	-1050.165	-1236.304	186.139	2.122608	2.481294	0.6415347	0.4085167
2616	-1042.722	-1228.643	185.921	1.920635	2.830668	0.8541164	0.430942
2622	-1048.983	-1235.667	186.6838	1.854817	2.298858	0.4621706	0.7770481
2628	-1046.996	-1233.25	186.2538	1.693861	2.16465	0.9464014	0.8049443
2634	-1043.101	-1229.592	186.4915	2.157116	1.994384	0.5614003	0.4306389
2640	-1039.199	-1225.719	186.52	2.091496	1.78052	0.6858401	0.4635931
2646	-1040.627	-1226.662	186.0347	2.091496	2.618477	0.6858401	0.3903994
2652	-1047.369	-1233.258	185.889	2.208805	2.659504	0.6858401	0.3756031
2658	-1049.426	-1235.376	185.9494	1.837408	3.781599	0.6072731	0.4620669
2664	-1049.742	-1235.362	185.6203	2.214117	3.386253	0.6072731	0.3076003
2670	-1048.635	-1234.116	185.4813	2.162746	3.21471	0.7942649	0.2969311
2676	-1054.214	-1240.015	185.801	2.167823	3.408972	0.5496414	0.3660464
2682	-1022.339	-1208.543	186.2046	2.124242	2.660016	0.5496414	0.4865345
2688	-1024.307	-1211.051	186.7445	1.844332	2.105632	0.5348779	0.6703583
2694	-1027.36	-1214.134	186.7737	2.052458	2.106323	0.4208672	0.5507682
2700	-1028.263	-1214.524	186.2608	2.166287	3.204502	0.3602882	0.4630896
2706	-1030.379	-1216.26	185.8816	2.041269	3.240823	0.6158747	0.3492775
2712	-1027.456	-1213.536	186.0802	2.205987	2.409643	0.6158747	0.3391234
2718	-1032.238	-1218.264	186.0259	2.197336	2.536575	0.6158747	0.3391234
2724	-1022.149	-1208.385	186.2353	2.039313	2.390317	0.6629582	0.4013481
2730	-1022.181	-1208.112	185.9313	2.122537	2.097238	0.9154962	0.3101931
2736	-1027.272	-1213.329	186.0567	2.184894	1.818282	0.9154962	0.3289662
2742	-1034.059	-1219.691	185.632	2.007819	2.551541	1.188705	0.4304141
2748	-1027.056	-1213.248	186.1918	1.849725	2.144086	0.9951119	0.4743331
2754	-1030.03	-1216.364	186.3337	2.00213	2.156464	0.7260617	0.5375102
2760	-1031.517	-1217.798	186.2813	1.762633	2.491942	0.8226888	0.5375102
2766	-1030.256	-1216.678	186.4219	1.892168	2.245141	0.7060742	0.5303428
2772	-1027.611	-1214.044	186.4334	1.683408	2.382321	0.6497821	0.8887037
2778	-1026.737	-1212.873	186.1353	1.495438	2.31881	1.06888	0.9372033
2784	-1025.897	-1211.974	186.0768	1.412821	2.398367	0.8680919	1.223652
2790	-1027.047	-1213.232	186.1849	1.342251	2.784917	0.7123189	1.192469
2796	-1030.552	-1216.943	186.3909	1.385976	2.811475	0.5234065	1.19984
2802	-1027.905	-1214.369	186.4633	1.372746	2.811475	0.4873305	1.19984
2808	-1032.631	-1218.477	185.846	1.405705	2.811475	0.6503482	1.469982
2814	-1027.324	-1213.088	185.7642	1.202007	1.865355	0.7706146	1.91508
2820	-1033.43	-1219.286	185.8557	1.272889	2.462465	0.6220282	1.708885
2826	-1027.567	-1213.811	186.2436	1.334135	2.242114	0.85889	1.226819
2832	-1041.174	-1227.201	186.0274	1.319361	1.969116	0.875492	1.515771
2838	-1037.186	-1222.653	185.4678	1.000887	3.100568	0.7994964	1.808033
2844	-1031.846	-1217.519	185.6735	1.020423	2.340702	0.6738314	2.000149
2850	-1039.901	-1224.466	184.5648	1.002416	2.481304	0.4792542	2.851561
2856	-1035.465	-1220.554	185.0893	1.100807	3.128002	0.4792542	2.28363
2862	-1033.117	-1218.41	185.2923	1.116951	2.562494	0.7957113	2.013854
2868	-1033.389	-1219.405	186.0161	1.303033	2.741631	0.708956	1.382382
2874	-1046.309	-1232.324	186.0143	1.306962	2.181276	0.7869672	1.520354
2880	-1042.045	-1227.939	185.8935	1.15015	2.054219	0.910145	1.672989
2886	-1037.958	-1223.427	185.469	1.020582	2.396091	0.910145	1.92884
2892	-1033.278	-1219.091	185.8133	1.090238	2.066583	0.7087643	1.92884
2898	-1040.867	-1226.831	185.9641	1.187697	2.066583	0.6672031	1.796526
2904	-1039.273	-1225.176	185.9033	1.29275	1.99917	0.9391385	1.563538
2910	-1043.391	-1228.92	185.5286	1.166464	2.978652	0.9812363	1.541328
2916	-1038.185	-1223.618	185.4321	1.134716	2.190476	0.9812363	1.899679
2922	-1031.158	-1216.02	184.8619	1.052754	2.255999	0.8162596	2.418248
2928	-1037.308	-1222.248	184.9399	1.004403	2.050575	0.8162596	2.471124
2934	-1040.246	-1224.759	184.5127	0.9812938	2.611793	1.268114	2.290866
2940	-1054.861	-1240.371	185.5096	1.315542	2.903238	1.038544	1.424844
2946	-1054.778	-1240.736	185.9582	1.188708	3.251988	0.7186974	1.336801
2952	-1045.44	-1231.68	186.24	1.183302	1.98649	0.9382746	1.398201
2958	-1037.925	-1223.582	185.6571	1.084204	2.43911	0.9893871	1.682638
2964	-1035.859	-1221.777	185.9186	1.084204	2.216693	0.9642311	1.596263
2970	-1034.492	-1220.107	185.6153	0.9947998	1.80939	1.137276	1.92079
2976	-1039.107	-1224.677	185.5705	0.9176108	3.063607	0.6685611	1.917936
2982	-1042.239	-1227.635	185.3951	0.9797192	2.174472	1.197607	1.897977
2988	-1049.41	-1234.655	185.2452	1.053391	2.001369	1.306864	1.953506
2994	-1049.517	-1234.64	185.1229	1.014944	2.384995	1.248106	1.953506
3000	-1040.913	-1226.755	185.8428	1.076565	1.988779	1.248106	1.55822
3006	-1041.786	-1228.029	186.243	1.211896	2.300789	0.7694588	1.385666
3012	-1044.036	-1230.232	186.196	1.17451	2.011912	0.9908075	1.385666
3018	-1031.372	-1217.368	185.9964	1.277057	2.271547	0.732679	1.568977
3024	-1037.479	-1223.818	186.3392	1.283207	2.474252	0.590538	1.371988
3030	-1034.49	-1221.064	186.5742	1.251463	2.553534	0.590538	1.172333
3036	-1048.742	-1234.953	186.2103	1.234394	3.459898	0.6004898	1.154756
3042	-1032.75	-1218.42	185.6706	1.335494	3.380311	1.161573	1.004518
3048	-1038.978	-1224.684	185.7058	1.369851	3.197158	1.233833	0.9424503
3054	-1034.296	-1220.378	186.0815	1.335106	2.858221	0.8149887	1.150905
3060	-1048.72	-1234.188	185.4681	1.267373	4.093767	0.9030009	1.247687
3066	-1052.723	-1239.11	186.3874	1.286009	2.533562	0.5009153	1.418256
3072	-1059.709	-1245.653	185.9445	1.221264	2.117956	0.6250803	1.806983
3078	-1051.646	-1238.245	186.5987	1.258541	1.854181	0.5844333	1.462892
3084	-1048.577	-1235.047	186.4695	1.279231	1.636689	0.6228975	1.607422
3090	-1045.835	-1232.098	186.2622	1.38168	1.900395	0.8816973	1.312488
3096	-1043.857	-1229.78	185.9232	1.362659	2.092459	0.6096894	1.748666
3102	-1045.595	-1231.283	185.6875	1.429275	2.771921	0.9258121	1.331513
3108	-1030.938	-1217.051	186.1123	1.390705	2.406857	0.9258121	1.154391
3114	-1038.665	-1225.22	186.5553	1.209773	2.156269	0.5829	1.399316
3120	-1038.106	-1223.768	185.6624	0.9924641	2.156269	0.8328379	1.960843
3126	-1034.391	-1220.532	186.1403	1.00856	2.037805	0.8085174	1.685838
3132	-1031.943	-1216.902	184.9591	0.8956677	2.861189	0.9069739	2.204795
3138	-1030.723	-1215.797	185.074	0.849826	1.985088	0.9407468	2.421722
3144	-1032.608	-1217.718	185.1093	0.8714615	2.261622	0.7539609	2.421722
3150	-1033.417	-1218.767	185.3499	1.054667	2.207937	1.108906	1.919439
3156	-1040.421	-1226.462	186.0414	1.05011	2.207937	0.6294766	1.819667
3162	-1029.043	-1214.541	185.4985	1.100726	2.188346	0.9045386	1.932796
3168	-1033.563	-1219.172	185.6093	1.297957	4.474711	0.6427401	1.267403
3174	-1029.26	-1215.723	186.4632	1.325255	2.552926	0.5487682	1.257729
3180	-1026.489	-1212.585	186.0956	1.376477	2.422176	0.9425269	1.159286
3186	-1028.326	-1214.614	186.2878	1.258269	2.689186	0.7187003	1.2068
3192	-1015.642	-1201.517	185.8752	1.339365	2.508407	0.8182564	1.445234
3198	-1016.129	-1202.382	186.2532	1.511802	2.633021	0.5548445	1.237606
3204	-1029.985	-1215.867	185.8812	1.347472	2.921162	0.8206206	1.281594
3210	-1045.453	-1232.111	186.6576	1.300625	2.0623	0.5092246	1.379298
3216	-1040.552	-1226.179	185.6266	1.296215	3.171693	0.6344905	1.615972
3222	-1048.659	-1234.642	185.9837	1.010986	3.058454	0.7454649	1.489644
3228	-1038.166	-1223.364	185.1983	1.326643	3.058454	1.079407	1.57108
3234	-1036.085	-1221.76	185.6748	1.292271	1.8926	1.511517	1.409922
3240	-1037.829	-1223.634	185.8055	1.226367	2.371392	0.7701048	1.672578
3246	-1035.64	-1221.329	185.6899	1.439785	3.247455	0.7652839	1.305295
3252	-1031.596	-1217.915	186.3188	1.413966	2.18859	0.8803328	1.095037
3258	-1031.507	-1217.371	185.8633	1.311156	2.18859	1.027536	1.432048
3264	-1031.466	-1217.762	186.2965	1.269354	2.099921	0.8311491	1.326739
3270	-1033.199	-1219.495	186.2958	1.495515	2.39286	0.8311491	0.9882959
3276	-1021.953	-1208.032	186.0782	1.735562	3.334269	0.6888349	0.6316893
3282	-1024.35	-1210.639	186.2891	1.770136	1.992495	1.028959	0.6480594
3288	-1019.766	-1206.172	186.4062	1.642708	3.183671	0.5506493	0.6771322
3294	-1019.418	-1205.83	186.4112	1.538777	2.810834	0.7054631	0.7434172
3300	-1017.781	-1204.421	186.6396	1.521628	2.456898	0.6187702	0.8429228
3306	-1033.381	-1219.377	185.9952	1.473484	3.535482	0.5538331	1.169947
3312	-1016.775	-1203.078	186.3025	1.430068	2.707653	0.5358083	1.260272
3318	-1026.988	-1212.632	185.6446	1.180721	2.676204	0.5523205	1.918391
3324	-1027.407	-1213.567	186.16	1.400217	2.722214	0.7338593	1.164846
3330	-1035.476	-1221.774	186.2977	1.403655	2.507156	0.8712931	0.9756012
3336	-1028.299	-1214.976	186.677	1.430735	2.706707	0.4789367	1.007659
3342	-1022.048	-1208.642	186.5938	1.741234	2.361013	0.4789367	0.9471856
3348	-1023.519	-1210.089	186.5703	1.825243	3.24439	0.3174324	0.7736205
3354	-1023.219	-1209.77	186.5512	1.809746	3.170207	0.3469741	0.7736205
3360	-1022.127	-1208.337	186.2099	1.696933	3.398158	0.4420428	0.9824151
3366	-1030.961	-1216.986	186.0254	1.395053	2.933472	0.7862984	1.1484
3372	-1039.886	-1225.529	185.6429	1.328214	3.074496	1.057351	1.234691
3378	-1038.536	-1224.007	185.471	1.31579	3.022921	1.289121	1.234691
3384	-1041.554	-1227.453	185.8989	1.179318	3.074287	0.9711619	1.21632
3390	-1042.672	-1228.422	185.7502	1.231722	2.480059	0.7785693	1.661848
3396	-1034.489	-1219.996	185.5068	1.288758	4.962308	0.735175	1.135762
3402	-1030.616	-1216.998	186.382	1.436651	3.058235	0.392888	1.268389
3408	-1024.536	-1211.141	186.6044	1.405973	2.488062	0.6578331	0.9355659
3414	-1026.914	-1212.408	185.4935	1.414211	3.075591	1.021854	1.314818
3420	-1036.776	-1222.545	185.7695	1.318003	4.670236	0.4551468	1.310598
3426	-1039.809	-1225.214	185.4054	1.265007	4.756319	0.4529934	1.611773
3432	-1031.945	-1217.963	186.0171	1.345603	3.856403	0.5240739	1.202287
3438	-1027.534	-1213.454	185.9202	1.094633	3.856403	0.6876679	1.294778
3444	-1024.588	-1210.963	186.3753	1.262988	2.366283	0.6876679	1.294778
3450	-1039.161	-1225.503	186.3427	1.263597	2.271165	0.7056609	1.341642
3456	-1039.158	-1225.676	186.5181	1.220834	2.463853	0.7056609	1.147803
3462	-1034.529	-1220.372	185.8433	1.978946	2.487127	1.028918	0.4403864
3468	-1047.845	-1233.935	186.0896	1.962443	2.8447	0.6835473	0.5298419
3474	-1041.147	-1227.802	186.6548	1.718142	2.284286	0.5724103	0.7699644
3480	-1038.329	-1225.078	186.7492	1.66709	1.878213	0.7047793	0.7750271
3486	-1027.139	-1213.539	186.4005	1.66709	2.693851	0.6666406	0.7228425
3492	-1023.767	-1210.664	186.8969	1.547128	1.985428	0.5632131	0.9061265
3498	-1029.354	-1215.39	186.0362	1.291457	2.619672	0.8446444	1.289899
3504	-1017.731	-1203.47	185.7389	1.31346	3.211757	0.8061482	1.339719
3510	-1024.997	-1211.159	186.1615	1.357765	2.699948	0.6870736	1.259704
3516	-1021.757	-1207.658	185.9003	1.283797	2.699948	0.7511211	1.46024
3522	-1038.014	-1223.771	185.7574	1.129328	1.659754	1.427648	1.628434
3528	-1037.214	-1223.07	185.8555	1.286822	2.353355	0.7746608	1.595671
3534	-1046.023	-1232.72	186.6971	1.454102	1.804476	0.7868118	1.014111
3540	-1049.621	-1235.885	186.2644	1.495724	2.033688	1.161596	0.8720573
3546	-1047.198	-1233.576	186.3777	1.463465	2.033688	0.9586682	0.9945677
3552	-1052.281	-1238.349	186.0681	1.464643	2.425808	0.6923769	1.350338
3558	-1058.615	-1244.746	186.1307	1.211209	2.891766	0.6923769	1.328235
3564	-1051.476	-1237.074	185.599	1.163971	3.184571	1.001226	1.409986
3570	-1046.544	-1232.871	186.3269	1.382696	2.785164	0.6497066	1.104474
3576	-1041.4	-1227.681	186.2808	1.662694	3.368738	0.5627856	0.7017966
3582	-1042.587	-1228.888	186.3012	1.74166	2.696098	0.5775279	0.9166507
3588	-1039.998	-1226.464	186.4652	1.557212	2.553581	0.6172201	0.948937
3594	-1044.459	-1230.549	186.0901	1.487751	2.108298	1.139027	1.040232
3600	-1045.009	-1231.699	186.6901	1.534932	2.466921	0.5139157	0.9454643
3606	-1035.373	-1221.562	186.1891	1.559822	2.457179	0.8902724	0.9296207
3612	-1035.169	-1221.623	186.4537	1.605503	2.865066	0.4838776	0.976122
3618	-1034.049	-1220.146	186.0974	1.269463	1.910119	1.127934	1.332603
3624	-1035.861	-1221.855	185.9935	1.28295	2.628213	0.8009493	1.368265
3630	-1032.157	-1217.908	185.7516	1.60053	2.810266	0.8785824	1.163079
3636	-1036.651	-1222.103	185.4515	1.505595	2.136671	1.127506	1.546068
3642	-1040.88	-1227.004	186.1238	1.426801	2.854878	0.7470323	1.105248
3648	-1047.258	-1233.276	186.0188	1.358659	1.856927	0.9601935	1.476109
3654	-1047.069	-1234.343	187.2741	1.302502	1.498657	0.3807901	1.36111
3660	-1047.67	-1233.647	185.9775	1.341721	1.998091	0.9133028	1.492852
3666	-1042.607	-1229.004	186.3976	1.219963	1.485277	0.8786665	1.549583
3672	-1036.839	-1222.876	186.037	1.122703	2.379042	0.8505284	1.507829
3678	-1030.513	-1215.52	185.0072	1.107946	2.12904	0.935373	2.251054
3684	-1036.861	-1222.108	185.2471	1.116801	1.955009	1.000407	2.1116
3690	-1040.962	-1226.166	185.2036	0.965053	2.056343	1.000407	2.200071
3696	-1054.001	-1238.958	184.9577	0.9736438	2.240452	1.026289	2.27063
3702	-1051.083	-1236.06	184.9768	1.045066	2.6562	0.8854925	2.171951
3708	-1064.339	-1249.638	185.2986	1.11889	2.064801	1.122153	1.956254
